<?xml version="1.0" encoding="UTF-8"?>
<testng-results ignored="0" total="6" passed="6" failed="0" skipped="0">
  <reporter-output>
  </reporter-output>
  <suite started-at="2025-09-08T16:46:52 IST" name="Surefire suite" finished-at="2025-09-08T16:47:56 IST" duration-ms="63480">
    <groups>
      <group name="cucumber">
        <method signature="AbstractTestNGCucumberTests.runScenario(io.cucumber.testng.PickleWrapper,io.cucumber.testng.FeatureWrapper)[pri:0, instance:Selenium.Cucumber.RunCucumberTest@d9345cd]" name="runScenario" class="io.cucumber.testng.AbstractTestNGCucumberTests"/>
      </group> <!-- cucumber -->
    </groups>
    <test started-at="2025-09-08T16:46:52 IST" name="Surefire test" finished-at="2025-09-08T16:47:56 IST" duration-ms="63480">
      <class name="Selenium.Cucumber.RunCucumberTest">
        <test-method is-config="true" signature="setUpClass(org.testng.ITestContext)[pri:0, instance:Selenium.Cucumber.RunCucumberTest@d9345cd]" started-at="2025-09-08T16:46:52 IST" name="setUpClass" finished-at="2025-09-08T16:46:52 IST" duration-ms="188" status="PASS">
          <params>
            <param index="0">
              <value>
                <![CDATA[org.testng.TestRunner@7a92827f]]>
              </value>
            </param>
          </params>
          <reporter-output>
          </reporter-output>
        </test-method> <!-- setUpClass -->
        <test-method signature="runScenario(io.cucumber.testng.PickleWrapper,io.cucumber.testng.FeatureWrapper)[pri:0, instance:Selenium.Cucumber.RunCucumberTest@d9345cd]" started-at="2025-09-08T16:46:52 IST" name="runScenario" description="Runs Cucumber Scenarios" data-provider="scenarios" finished-at="2025-09-08T16:47:00 IST" duration-ms="7665" status="PASS">
          <params>
            <param index="0">
              <value>
                <![CDATA["List user positive"]]>
              </value>
            </param>
            <param index="1">
              <value>
                <![CDATA["List User"]]>
              </value>
            </param>
          </params>
          <reporter-output>
          </reporter-output>
        </test-method> <!-- runScenario -->
        <test-method signature="runScenario(io.cucumber.testng.PickleWrapper,io.cucumber.testng.FeatureWrapper)[pri:0, instance:Selenium.Cucumber.RunCucumberTest@d9345cd]" started-at="2025-09-08T16:47:00 IST" name="runScenario" description="Runs Cucumber Scenarios" data-provider="scenarios" finished-at="2025-09-08T16:47:01 IST" duration-ms="1157" status="PASS">
          <params>
            <param index="0">
              <value>
                <![CDATA["Create user success"]]>
              </value>
            </param>
            <param index="1">
              <value>
                <![CDATA["Create User"]]>
              </value>
            </param>
          </params>
          <reporter-output>
          </reporter-output>
        </test-method> <!-- runScenario -->
        <test-method signature="runScenario(io.cucumber.testng.PickleWrapper,io.cucumber.testng.FeatureWrapper)[pri:0, instance:Selenium.Cucumber.RunCucumberTest@d9345cd]" started-at="2025-09-08T16:47:01 IST" name="runScenario" description="Runs Cucumber Scenarios" data-provider="scenarios" finished-at="2025-09-08T16:47:25 IST" duration-ms="24206" status="PASS">
          <params>
            <param index="0">
              <value>
                <![CDATA["Basic Mobile automation feature"]]>
              </value>
            </param>
            <param index="1">
              <value>
                <![CDATA["Mobile Login"]]>
              </value>
            </param>
          </params>
          <reporter-output>
          </reporter-output>
        </test-method> <!-- runScenario -->
        <test-method signature="runScenario(io.cucumber.testng.PickleWrapper,io.cucumber.testng.FeatureWrapper)[pri:0, instance:Selenium.Cucumber.RunCucumberTest@d9345cd]" started-at="2025-09-08T16:47:25 IST" name="runScenario" description="Runs Cucumber Scenarios" data-provider="scenarios" finished-at="2025-09-08T16:47:40 IST" duration-ms="14317" status="PASS">
          <params>
            <param index="0">
              <value>
                <![CDATA["Verify Dashboard page"]]>
              </value>
            </param>
            <param index="1">
              <value>
                <![CDATA["Dashboard"]]>
              </value>
            </param>
          </params>
          <reporter-output>
          </reporter-output>
        </test-method> <!-- runScenario -->
        <test-method signature="runScenario(io.cucumber.testng.PickleWrapper,io.cucumber.testng.FeatureWrapper)[pri:0, instance:Selenium.Cucumber.RunCucumberTest@d9345cd]" started-at="2025-09-08T16:47:40 IST" name="runScenario" description="Runs Cucumber Scenarios" data-provider="scenarios" finished-at="2025-09-08T16:47:49 IST" duration-ms="9354" status="PASS">
          <params>
            <param index="0">
              <value>
                <![CDATA["Verify Dashboard page"]]>
              </value>
            </param>
            <param index="1">
              <value>
                <![CDATA["Dashboard"]]>
              </value>
            </param>
          </params>
          <reporter-output>
          </reporter-output>
        </test-method> <!-- runScenario -->
        <test-method signature="runScenario(io.cucumber.testng.PickleWrapper,io.cucumber.testng.FeatureWrapper)[pri:0, instance:Selenium.Cucumber.RunCucumberTest@d9345cd]" started-at="2025-09-08T16:47:49 IST" name="runScenario" description="Runs Cucumber Scenarios" data-provider="scenarios" finished-at="2025-09-08T16:47:56 IST" duration-ms="6352" status="PASS">
          <params>
            <param index="0">
              <value>
                <![CDATA["Login with "rohit" and "rohit""]]>
              </value>
            </param>
            <param index="1">
              <value>
                <![CDATA["Login"]]>
              </value>
            </param>
          </params>
          <reporter-output>
          </reporter-output>
        </test-method> <!-- runScenario -->
        <test-method is-config="true" signature="tearDownClass()[pri:0, instance:Selenium.Cucumber.RunCucumberTest@d9345cd]" started-at="2025-09-08T16:47:56 IST" name="tearDownClass" finished-at="2025-09-08T16:47:56 IST" duration-ms="216" status="PASS">
          <reporter-output>
          </reporter-output>
        </test-method> <!-- tearDownClass -->
      </class> <!-- Selenium.Cucumber.RunCucumberTest -->
    </test> <!-- Surefire test -->
  </suite> <!-- Surefire suite -->
</testng-results>
