<?xml version="1.0" encoding="UTF-8"?>
<testsuite xmlns:xsi="http://www.w3.org/2001/XMLSchema-instance" xsi:noNamespaceSchemaLocation="https://maven.apache.org/surefire/maven-surefire-plugin/xsd/surefire-test-report.xsd" version="3.0.2" name="Selenium.Cucumber.RunCucumberTest" time="60.861" tests="6" errors="0" skipped="0" failures="0">
  <properties>
[...]
</properties>
  <testcase name="runScenario[&quot;List user positive&quot;, &quot;List User&quot;](1)" classname="Selenium.Cucumber.RunCucumberTest" time="6.153">
    <system-out><![CDATA[[START] List user positive on Thread TestNG-test-Surefire test-1

@Api
Scenario: List user positive                                        &amp#27;[90m# src/test/resources/Selenium/Cucumber/API/ListUsers.feature:16&amp#27;[0m
Test Step started: Given Preparing to call "listuser" api
  &amp#27;[32mGiven &amp#27;[0m&amp#27;[32mPreparing to call &amp#27;[0m&amp#27;[32m&amp#27;[1m"listuser"&amp#27;[0m&amp#27;[32m api&amp#27;[0m                            &amp#27;[90m# Selenium.Cucumber.ApISteps.ApiSteps.preparing_to_call_api(java.lang.String)&amp#27;[0m
Test Step started: When I call "api/users?page=2" with "get"
Request method:	GET
Request URI:	https://reqres.in/api/users?page=2
Proxy:			<none>
Request params:	<none>
Query params:	<none>
Form params:	<none>
Path params:	<none>
Headers:		x-api-key=reqres-free-v1
				Accept=*/*
				Content-Type=application/json; charset=UTF-8
Cookies:		<none>
Multiparts:		<none>
Body:			<none>
HTTP/1.1 200 OK
Date: Tue, 09 Sep 2025 08:54:15 GMT
Content-Type: application/json; charset=utf-8
Transfer-Encoding: chunked
Connection: keep-alive
Content-Encoding: gzip
Access-Control-Allow-Credentials: true
Access-Control-Allow-Headers: Origin, X-Requested-With, Content-Type, Accept, Authorization, x-api-key
Access-Control-Allow-Methods: GET, POST, PUT, DELETE, OPTIONS
Access-Control-Allow-Origin: http://localhost:5173
Etag: W/"440-ZjsmMKR8P3usr2uJZbOCGCxC3Uw"
Nel: {"report_to":"heroku-nel","response_headers":["Via"],"max_age":3600,"success_fraction":0.01,"failure_fraction":0.1}
Ratelimit-Limit: 100
Ratelimit-Policy: 100;w=60
Ratelimit-Remaining: 98
Ratelimit-Reset: 60
Referrer-Policy: strict-origin-when-cross-origin
Report-To: {"group":"heroku-nel","endpoints":[{"url":"https://nel.heroku.com/reports?s=6mP3XFWj8UsUwIfbRvl2gQHK18D5fYqVoekHL%2Fnpv6g%3D\u0026sid=c4c9725f-1ab0-44d8-820f-430df2718e11\u0026ts=1757402123"}],"max_age":3600}
Reporting-Endpoints: heroku-nel="https://nel.heroku.com/reports?s=6mP3XFWj8UsUwIfbRvl2gQHK18D5fYqVoekHL%2Fnpv6g%3D&sid=c4c9725f-1ab0-44d8-820f-430df2718e11&ts=1757402123"
Vary: Origin, Accept-Encoding
Via: 1.1 heroku-router
X-Content-Type-Options: nosniff
X-Frame-Options: DENY
X-Request-Id: da91231a-ab25-0faf-93be-3369b36784b1
X-Xss-Protection: 1; mode=block
Age: 5932
Cache-Control: max-age=14400
cf-cache-status: HIT
Server: cloudflare
CF-RAY: 97c575bd7bd291c7-DEL
server-timing: cfL4;desc="?proto=TCP&rtt=44047&min_rtt=40787&rtt_var=17624&sent=6&recv=7&lost=0&retrans=0&sent_bytes=3105&recv_bytes=825&delivery_rate=91058&cwnd=252&unsent_bytes=0&cid=b9e18f78e1b3928a&ts=140&x=0"

{
    "page": 2,
    "per_page": 6,
    "total": 12,
    "total_pages": 2,
    "data": [
        {
            "id": 7,
            "email": "michael.lawson@reqres.in",
            "first_name": "Michael",
            "last_name": "Lawson",
            "avatar": "https://reqres.in/img/faces/7-image.jpg"
        },
        {
            "id": 8,
            "email": "lindsay.ferguson@reqres.in",
            "first_name": "Lindsay",
            "last_name": "Ferguson",
            "avatar": "https://reqres.in/img/faces/8-image.jpg"
        },
        {
            "id": 9,
            "email": "tobias.funke@reqres.in",
            "first_name": "Tobias",
            "last_name": "Funke",
            "avatar": "https://reqres.in/img/faces/9-image.jpg"
        },
        {
            "id": 10,
            "email": "byron.fields@reqres.in",
            "first_name": "Byron",
            "last_name": "Fields",
            "avatar": "https://reqres.in/img/faces/10-image.jpg"
        },
        {
            "id": 11,
            "email": "george.edwards@reqres.in",
            "first_name": "George",
            "last_name": "Edwards",
            "avatar": "https://reqres.in/img/faces/11-image.jpg"
        },
        {
            "id": 12,
            "email": "rachel.howell@reqres.in",
            "first_name": "Rachel",
            "last_name": "Howell",
            "avatar": "https://reqres.in/img/faces/12-image.jpg"
        }
    ],
    "support": {
        "url": "https://contentcaddy.io?utm_source=reqres&utm_medium=json&utm_campaign=referral",
        "text": "Tired of writing endless social media content? Let Content Caddy generate it for you."
    }
}
  &amp#27;[32mWhen &amp#27;[0m&amp#27;[32mI call &amp#27;[0m&amp#27;[32m&amp#27;[1m"api/users?page=2"&amp#27;[0m&amp#27;[32m with &amp#27;[0m&amp#27;[32m&amp#27;[1m"get"&amp#27;[0m                         &amp#27;[90m# Selenium.Cucumber.ApISteps.ApiSteps.i_call_api(java.lang.String,java.lang.String)&amp#27;[0m
Test Step started: Then Response status should be 200
  &amp#27;[32mThen &amp#27;[0m&amp#27;[32mResponse status should be &amp#27;[0m&amp#27;[32m&amp#27;[1m200&amp#27;[0m                                &amp#27;[90m# Selenium.Cucumber.ApISteps.ApiSteps.response_status_should_be(java.lang.Integer)&amp#27;[0m
Test Step started: And response parameter "data" size should be "equal to" 6
  &amp#27;[32mAnd &amp#27;[0m&amp#27;[32mresponse parameter &amp#27;[0m&amp#27;[32m&amp#27;[1m"data"&amp#27;[0m&amp#27;[32m size should be &amp#27;[0m&amp#27;[32m&amp#27;[1m"equal to"&amp#27;[0m&amp#27;[32m &amp#27;[0m&amp#27;[32m&amp#27;[1m6&amp#27;[0m         &amp#27;[90m# Selenium.Cucumber.ApISteps.ApiSteps.response_parameter_size_should_be(java.lang.String,java.lang.String,java.lang.Integer)&amp#27;[0m
Test Step started: And response parameter "data.first_name" should contain "Michael"
[{"id":7,"email":"michael.lawson@reqres.in","first_name":"Michael","last_name":"Lawson","avatar":"https://reqres.in/img/faces/7-image.jpg"},{"id":8,"email":"lindsay.ferguson@reqres.in","first_name":"Lindsay","last_name":"Ferguson","avatar":"https://reqres.in/img/faces/8-image.jpg"},{"id":9,"email":"tobias.funke@reqres.in","first_name":"Tobias","last_name":"Funke","avatar":"https://reqres.in/img/faces/9-image.jpg"},{"id":10,"email":"byron.fields@reqres.in","first_name":"Byron","last_name":"Fields","avatar":"https://reqres.in/img/faces/10-image.jpg"},{"id":11,"email":"george.edwards@reqres.in","first_name":"George","last_name":"Edwards","avatar":"https://reqres.in/img/faces/11-image.jpg"},{"id":12,"email":"rachel.howell@reqres.in","first_name":"Rachel","last_name":"Howell","avatar":"https://reqres.in/img/faces/12-image.jpg"}]
  &amp#27;[32mAnd &amp#27;[0m&amp#27;[32mresponse parameter &amp#27;[0m&amp#27;[32m&amp#27;[1m"data.first_name"&amp#27;[0m&amp#27;[32m should contain &amp#27;[0m&amp#27;[32m&amp#27;[1m"Michael"&amp#27;[0m &amp#27;[90m# Selenium.Cucumber.ApISteps.ApiSteps.verifyFieldContainsValue(java.lang.String,java.lang.String)&amp#27;[0m
[END] List user positive on Thread TestNG-test-Surefire test-1
]]></system-out>
    <system-err><![CDATA[SLF4J: Failed to load class "org.slf4j.impl.StaticLoggerBinder".
SLF4J: Defaulting to no-operation (NOP) logger implementation
SLF4J: See http://www.slf4j.org/codes.html#StaticLoggerBinder for further details.
]]></system-err>
  </testcase>
  <testcase name="runScenario[&quot;Create user success&quot;, &quot;Create User&quot;](2)" classname="Selenium.Cucumber.RunCucumberTest" time="0.731">
    <system-out><![CDATA[[START] Create user success on Thread TestNG-test-Surefire test-1

@Api
Scenario Outline: Create user success                         &amp#27;[90m# src/test/resources/Selenium/Cucumber/API/createuser.feature:18&amp#27;[0m
Test Step started: Given Preparing to call "Createuser" api
  &amp#27;[32mGiven &amp#27;[0m&amp#27;[32mPreparing to call &amp#27;[0m&amp#27;[32m&amp#27;[1m"Createuser"&amp#27;[0m&amp#27;[32m api&amp#27;[0m                    &amp#27;[90m# Selenium.Cucumber.ApISteps.ApiSteps.preparing_to_call_api(java.lang.String)&amp#27;[0m
Test Step started: When API body parameter "name" is "morpheus"
Printing body object value
{name=morpheus, job=leader}
{name=morpheus, job=leader}
  &amp#27;[32mWhen &amp#27;[0m&amp#27;[32mAPI body parameter &amp#27;[0m&amp#27;[32m&amp#27;[1m"name"&amp#27;[0m&amp#27;[32m is &amp#27;[0m&amp#27;[32m&amp#27;[1m"morpheus"&amp#27;[0m                &amp#27;[90m# Selenium.Cucumber.ApISteps.ApiSteps.api_body_parameter_is(java.lang.String,java.lang.String)&amp#27;[0m
Test Step started: And API body parameter "job" is "leader"
Printing body object value
{name=morpheus, job=leader}
{name=morpheus, job=leader}
  &amp#27;[32mAnd &amp#27;[0m&amp#27;[32mAPI body parameter &amp#27;[0m&amp#27;[32m&amp#27;[1m"job"&amp#27;[0m&amp#27;[32m is &amp#27;[0m&amp#27;[32m&amp#27;[1m"leader"&amp#27;[0m                    &amp#27;[90m# Selenium.Cucumber.ApISteps.ApiSteps.api_body_parameter_is(java.lang.String,java.lang.String)&amp#27;[0m
Test Step started: And I call "/api/users" with "post"
Request method:	POST
Request URI:	https://reqres.in/api/users
Proxy:			<none>
Request params:	<none>
Query params:	<none>
Form params:	<none>
Path params:	<none>
Headers:		x-api-key=reqres-free-v1
				Accept=*/*
				Content-Type=application/json; charset=UTF-8
Cookies:		<none>
Multiparts:		<none>
Body:
{
    "name": "morpheus",
    "job": "leader"
}
HTTP/1.1 201 Created
Date: Tue, 09 Sep 2025 08:54:16 GMT
Content-Type: application/json; charset=utf-8
Content-Length: 84
Connection: keep-alive
CF-RAY: 97c575bf782059de-DEL
Access-Control-Allow-Credentials: true
Access-Control-Allow-Headers: Origin, X-Requested-With, Content-Type, Accept, Authorization, x-api-key
Access-Control-Allow-Methods: GET, POST, PUT, DELETE, OPTIONS
Access-Control-Allow-Origin: http://localhost:5173
Etag: W/"54-GZw2xT8bz+JNv3KLabr2HyH16Gs"
Nel: {"report_to":"heroku-nel","response_headers":["Via"],"max_age":3600,"success_fraction":0.01,"failure_fraction":0.1}
Ratelimit-Limit: 100
Ratelimit-Policy: 100;w=60
Ratelimit-Remaining: 98
Ratelimit-Reset: 60
Referrer-Policy: strict-origin-when-cross-origin
Report-To: {"group":"heroku-nel","endpoints":[{"url":"https://nel.heroku.com/reports?s=TE1AQhFyuTiurntJni8pJaB1g%2FkqAoluCTgkM9G3MdA%3D\u0026sid=c4c9725f-1ab0-44d8-820f-430df2718e11\u0026ts=1757408056"}],"max_age":3600}
Reporting-Endpoints: heroku-nel="https://nel.heroku.com/reports?s=TE1AQhFyuTiurntJni8pJaB1g%2FkqAoluCTgkM9G3MdA%3D&sid=c4c9725f-1ab0-44d8-820f-430df2718e11&ts=1757408056"
Vary: Origin
Via: 1.1 heroku-router
X-Content-Type-Options: nosniff
X-Frame-Options: DENY
X-Request-Id: b721fd2e-1a3d-953d-c8e1-768f893fe79b
X-Xss-Protection: 1; mode=block
cf-cache-status: DYNAMIC
Server: cloudflare
server-timing: cfL4;desc="?proto=TCP&rtt=40699&min_rtt=39915&rtt_var=16537&sent=5&recv=7&lost=0&retrans=0&sent_bytes=3106&recv_bytes=873&delivery_rate=80407&cwnd=252&unsent_bytes=0&cid=16d84493d8734c96&ts=581&x=0"

{
    "name": "morpheus",
    "job": "leader",
    "id": "749",
    "createdAt": "2025-09-09T08:54:16.644Z"
}
  &amp#27;[32mAnd &amp#27;[0m&amp#27;[32mI call &amp#27;[0m&amp#27;[32m&amp#27;[1m"/api/users"&amp#27;[0m&amp#27;[32m with &amp#27;[0m&amp#27;[32m&amp#27;[1m"post"&amp#27;[0m                         &amp#27;[90m# Selenium.Cucumber.ApISteps.ApiSteps.i_call_api(java.lang.String,java.lang.String)&amp#27;[0m
Test Step started: Then Response status should be 201
  &amp#27;[32mThen &amp#27;[0m&amp#27;[32mResponse status should be &amp#27;[0m&amp#27;[32m&amp#27;[1m201&amp#27;[0m                          &amp#27;[90m# Selenium.Cucumber.ApISteps.ApiSteps.response_status_should_be(java.lang.Integer)&amp#27;[0m
Test Step started: And Response parameter "name" should be equal to "morpheus"
  &amp#27;[32mAnd &amp#27;[0m&amp#27;[32mResponse parameter &amp#27;[0m&amp#27;[32m&amp#27;[1m"name"&amp#27;[0m&amp#27;[32m should be equal to &amp#27;[0m&amp#27;[32m&amp#27;[1m"morpheus"&amp#27;[0m &amp#27;[90m# Selenium.Cucumber.ApISteps.ApiSteps.response_parameter_should_be_equal_to(java.lang.String,java.lang.String)&amp#27;[0m
Test Step started: And Response parameter "job" should be equal to "leader"
  &amp#27;[32mAnd &amp#27;[0m&amp#27;[32mResponse parameter &amp#27;[0m&amp#27;[32m&amp#27;[1m"job"&amp#27;[0m&amp#27;[32m should be equal to &amp#27;[0m&amp#27;[32m&amp#27;[1m"leader"&amp#27;[0m    &amp#27;[90m# Selenium.Cucumber.ApISteps.ApiSteps.response_parameter_should_be_equal_to(java.lang.String,java.lang.String)&amp#27;[0m
[END] Create user success on Thread TestNG-test-Surefire test-1
]]></system-out>
  </testcase>
  <testcase name="runScenario[&quot;Basic Mobile automation feature&quot;, &quot;Mobile Login&quot;](3)" classname="Selenium.Cucumber.RunCucumberTest" time="22.405">
    <system-out><![CDATA[[START] Basic Mobile automation feature on Thread TestNG-test-Surefire test-1
WARN Appium Appium encountered 1 warning while validating drivers found in manifest /Users/rohitsharma/.appium/node_modules/.cache/appium/extensions.yaml
WARN Appium Driver "uiautomator2" has 1 potential problem: 
WARN Appium   - Driver "uiautomator2" (package `appium-uiautomator2-driver`) may be incompatible with the current version of Appium (v2.15.0) due to its peer dependency on Appium ^3.0.0-rc.2. Please install a compatible version of the driver.
&amp#27;[38;5;112m[Appium]&amp#27;[0m Welcome to Appium v2.15.0
&amp#27;[38;5;112m[Appium]&amp#27;[0m Non-default server args:
&amp#27;[38;5;112m[Appium]&amp#27;[0m { port: &amp#27;[33m4725&amp#27;[39m }
&amp#27;[38;5;112m[Appium]&amp#27;[0m The autodetected Appium home path: /Users/rohitsharma/.appium
&amp#27;[38;5;112m[Appium]&amp#27;[0m Attempting to load driver uiautomator2...
&amp#27;[38;5;112m[Appium]&amp#27;[0m Requiring driver at /Users/rohitsharma/.appium/node_modules/appium-uiautomator2-driver/build/index.js
&amp#27;[38;5;112m[Appium]&amp#27;[0m AndroidUiautomator2Driver has been successfully loaded in 0.524s
&amp#27;[38;5;112m[Appium]&amp#27;[0m Appium REST http interface listener started on http://0.0.0.0:4725
&amp#27;[38;5;112m[Appium]&amp#27;[0m You can provide the following URLs in your client code to connect to this server:
	http://127.0.0.1:4725/ (only accessible from the same host)
	http://192.168.1.7:4725/
&amp#27;[38;5;112m[Appium]&amp#27;[0m Available drivers:
&amp#27;[38;5;112m[Appium]&amp#27;[0m   - uiautomator2@5.0.0 (automationName 'UiAutomator2')
&amp#27;[38;5;112m[Appium]&amp#27;[0m No plugins have been installed. Use the "appium plugin" command to install the one(s) you want to use.
&amp#27;[38;5;86m[HTTP]&amp#27;[0m &amp#27;[37m-->&amp#27;[39m &amp#27;[37mGET&amp#27;[39m &amp#27;[37m/status&amp#27;[39m &amp#27;[90m{}&amp#27;[39m
&amp#27;[38;5;23m[AppiumDriver@018d]&amp#27;[0m Calling AppiumDriver.getStatus() with args: []
&amp#27;[38;5;23m[AppiumDriver@018d]&amp#27;[0m Responding to client with driver.getStatus() result: {"ready":true,"message":"The server is ready to accept new connections","build":{"version":"2.15.0"}}
&amp#27;[38;5;86m[HTTP]&amp#27;[0m &amp#27;[37m<-- GET /status &amp#27;[39m&amp#27;[32m200&amp#27;[39m &amp#27;[90m2 ms - 111&amp#27;[39m &amp#27;[90m&amp#27;[39m
&amp#27;[38;5;86m[HTTP]&amp#27;[0m Request idempotency key: 451b276c-d274-4418-9094-634429f4f7c6
&amp#27;[38;5;86m[HTTP]&amp#27;[0m &amp#27;[37m-->&amp#27;[39m &amp#27;[37mPOST&amp#27;[39m &amp#27;[37m/session&amp#27;[39m &amp#27;[90m{"capabilities":{"firstMatch":[{"appium:deviceName":"pixel7","platformName":"ANDROID","appium:automationName":"UIAutomator2","appium:app":"/Users/rohitsharma/eclipse-workspace/Appium/ApiDemos-debug.apk"}]}}&amp#27;[39m
&amp#27;[38;5;23m[AppiumDriver@018d]&amp#27;[0m Calling AppiumDriver.createSession() with args: [null,null,{"firstMatch":[{"appium:deviceName":"pixel7","platformName":"ANDROID","appium:automationName":"UIAutomator2","appium:app":"/Users/rohitsharma/eclipse-workspace/Appium/ApiDemos-debug.apk"}]}]
&amp#27;[38;5;23m[AppiumDriver@018d]&amp#27;[0m Event 'newSessionRequested' logged at 1757408060840 (14:24:20 GMT+0530 (India Standard Time))
&amp#27;[38;5;112m[Appium]&amp#27;[0m Attempting to find matching driver for automationName 'UIAutomator2' and platformName 'ANDROID'
&amp#27;[38;5;112m[Appium]&amp#27;[0m The 'uiautomator2' driver was installed and matched caps.
&amp#27;[38;5;112m[Appium]&amp#27;[0m Will require it at /Users/rohitsharma/.appium/node_modules/appium-uiautomator2-driver
&amp#27;[38;5;112m[Appium]&amp#27;[0m Requiring driver at /Users/rohitsharma/.appium/node_modules/appium-uiautomator2-driver/build/index.js
&amp#27;[38;5;23m[AppiumDriver@018d]&amp#27;[0m Appium v2.15.0 creating new AndroidUiautomator2Driver (v5.0.0) session
&amp#27;[38;5;23m[AppiumDriver@018d]&amp#27;[0m Checking BaseDriver versions for Appium and AndroidUiautomator2Driver
&amp#27;[38;5;23m[AppiumDriver@018d]&amp#27;[0m Appium's BaseDriver version is 9.15.0
&amp#27;[38;5;23m[AppiumDriver@018d]&amp#27;[0m AndroidUiautomator2Driver's BaseDriver version is 9.15.0
&amp#27;[38;5;-153m[AndroidUiautomator2Driver@ec20]&amp#27;[0m 
&amp#27;[38;5;-153m[AndroidUiautomator2Driver@ec20]&amp#27;[0m Creating session with W3C capabilities: {
  "alwaysMatch": {
    "platformName": "ANDROID",
    "appium:deviceName": "pixel7",
    "appium:automationName": "UIAutomator2",
    "appium:app": "/Users/rohitsharma/eclipse-workspace/Appium/ApiDemos-debug.apk"
  },
  "firstMatch": [
    {}
  ]
}
&amp#27;[38;5;181m[4246ae4a]&amp#27;[0m&amp#27;[38;5;-153m[AndroidUiautomator2Driver@ec20]&amp#27;[0m Session created with session id: 4246ae4a-b62b-4287-bbb7-c4700450b5c3
&amp#27;[38;5;181m[4246ae4a]&amp#27;[0m&amp#27;[38;5;229m[ADB]&amp#27;[0m Found 2 'build-tools' folders under '/Users/rohitsharma/Library/Android/sdk' (newest first):
&amp#27;[38;5;181m[4246ae4a]&amp#27;[0m&amp#27;[38;5;229m[ADB]&amp#27;[0m     /Users/rohitsharma/Library/Android/sdk/build-tools/35.0.0
&amp#27;[38;5;181m[4246ae4a]&amp#27;[0m&amp#27;[38;5;229m[ADB]&amp#27;[0m     /Users/rohitsharma/Library/Android/sdk/build-tools/34.0.0
&amp#27;[38;5;181m[4246ae4a]&amp#27;[0m&amp#27;[38;5;229m[ADB]&amp#27;[0m Using 'adb' from '/Users/rohitsharma/Library/Android/sdk/platform-tools/adb'
&amp#27;[38;5;181m[4246ae4a]&amp#27;[0m&amp#27;[38;5;229m[ADB]&amp#27;[0m Running '/Users/rohitsharma/Library/Android/sdk/platform-tools/adb -P 5037 start-server'
&amp#27;[38;5;181m[4246ae4a]&amp#27;[0m&amp#27;[38;5;-153m[AndroidUiautomator2Driver@ec20]&amp#27;[0m Retrieving device list
&amp#27;[38;5;181m[4246ae4a]&amp#27;[0m&amp#27;[38;5;229m[ADB]&amp#27;[0m Trying to find connected Android devices
&amp#27;[38;5;181m[4246ae4a]&amp#27;[0m&amp#27;[38;5;229m[ADB]&amp#27;[0m Getting connected devices
&amp#27;[38;5;181m[4246ae4a]&amp#27;[0m&amp#27;[38;5;229m[ADB]&amp#27;[0m Connected devices: [{"udid":"emulator-5554","state":"device"}]
&amp#27;[38;5;181m[4246ae4a]&amp#27;[0m&amp#27;[38;5;-153m[AndroidUiautomator2Driver@ec20]&amp#27;[0m Using device: emulator-5554
&amp#27;[38;5;181m[4246ae4a]&amp#27;[0m&amp#27;[38;5;229m[ADB]&amp#27;[0m Using 'adb' from '/Users/rohitsharma/Library/Android/sdk/platform-tools/adb'
&amp#27;[38;5;181m[4246ae4a]&amp#27;[0m&amp#27;[38;5;229m[ADB]&amp#27;[0m Running '/Users/rohitsharma/Library/Android/sdk/platform-tools/adb -P 5037 start-server'
&amp#27;[38;5;181m[4246ae4a]&amp#27;[0m&amp#27;[38;5;229m[ADB]&amp#27;[0m Setting device id to emulator-5554
&amp#27;[38;5;181m[4246ae4a]&amp#27;[0m&amp#27;[38;5;123m[BaseDriver]&amp#27;[0m Using local app '/Users/rohitsharma/eclipse-workspace/Appium/ApiDemos-debug.apk'
&amp#27;[38;5;181m[4246ae4a]&amp#27;[0m&amp#27;[38;5;-153m[AndroidUiautomator2Driver@ec20]&amp#27;[0m Checking whether app is actually present
&amp#27;[38;5;181m[4246ae4a]&amp#27;[0m&amp#27;[38;5;229m[ADB]&amp#27;[0m Running '/Users/rohitsharma/Library/Android/sdk/platform-tools/adb -P 5037 -s emulator-5554 shell getprop ro.build.version.sdk'
&amp#27;[38;5;181m[4246ae4a]&amp#27;[0m&amp#27;[38;5;229m[ADB]&amp#27;[0m Current device property 'ro.build.version.sdk': 36
&amp#27;[38;5;181m[4246ae4a]&amp#27;[0m&amp#27;[38;5;229m[ADB]&amp#27;[0m Getting device platform version
&amp#27;[38;5;181m[4246ae4a]&amp#27;[0m&amp#27;[38;5;229m[ADB]&amp#27;[0m Running '/Users/rohitsharma/Library/Android/sdk/platform-tools/adb -P 5037 -s emulator-5554 shell getprop ro.build.version.release'
&amp#27;[38;5;181m[4246ae4a]&amp#27;[0m&amp#27;[38;5;229m[ADB]&amp#27;[0m Current device property 'ro.build.version.release': 16
&amp#27;[38;5;181m[4246ae4a]&amp#27;[0m&amp#27;[38;5;229m[ADB]&amp#27;[0m Device API level: 36
&amp#27;[38;5;181m[4246ae4a]&amp#27;[0m&amp#27;[38;5;-153m[AndroidUiautomator2Driver@ec20]&amp#27;[0m Relaxing hidden api policy
&amp#27;[38;5;181m[4246ae4a]&amp#27;[0m&amp#27;[38;5;229m[ADB]&amp#27;[0m Running '/Users/rohitsharma/Library/Android/sdk/platform-tools/adb -P 5037 -s emulator-5554 shell 'settings put global hidden_api_policy_pre_p_apps 1;settings put global hidden_api_policy_p_apps 1;settings put global hidden_api_policy 1''
&amp#27;[38;5;181m[4246ae4a]&amp#27;[0m&amp#27;[38;5;-153m[AndroidUiautomator2Driver@ec20]&amp#27;[0m Parsing package and activity from the 'ApiDemos-debug.apk' file manifest
&amp#27;[38;5;181m[4246ae4a]&amp#27;[0m&amp#27;[38;5;229m[ADB]&amp#27;[0m Running '/Users/rohitsharma/Library/Android/sdk/platform-tools/adb -P 5037 -s emulator-5554 wait-for-device'
&amp#27;[38;5;181m[4246ae4a]&amp#27;[0m&amp#27;[38;5;229m[ADB]&amp#27;[0m Using 'aapt2' from '/Users/rohitsharma/Library/Android/sdk/build-tools/35.0.0/aapt2'
&amp#27;[38;5;181m[4246ae4a]&amp#27;[0m&amp#27;[38;5;229m[ADB]&amp#27;[0m Reading package manifest: '/Users/rohitsharma/Library/Android/sdk/build-tools/35.0.0/aapt2 dump badging /Users/rohitsharma/eclipse-workspace/Appium/ApiDemos-debug.apk'
&amp#27;[38;5;181m[4246ae4a]&amp#27;[0m&amp#27;[38;5;229m[ADB]&amp#27;[0m Running '/Users/rohitsharma/Library/Android/sdk/platform-tools/adb -P 5037 -s emulator-5554 shell echo ping'
&amp#27;[38;5;181m[4246ae4a]&amp#27;[0m&amp#27;[38;5;229m[ADB]&amp#27;[0m Package name: 'io.appium.android.apis'
&amp#27;[38;5;181m[4246ae4a]&amp#27;[0m&amp#27;[38;5;229m[ADB]&amp#27;[0m Main activity name: 'io.appium.android.apis.ApiDemos'
&amp#27;[38;5;181m[4246ae4a]&amp#27;[0m&amp#27;[38;5;-153m[AndroidUiautomator2Driver@ec20]&amp#27;[0m Resolved launch package -> activity: io.appium.android.apis -> io.appium.android.apis.ApiDemos
&amp#27;[38;5;181m[4246ae4a]&amp#27;[0m&amp#27;[38;5;-153m[AndroidUiautomator2Driver@ec20]&amp#27;[0m Resolved wait package -> activity: io.appium.android.apis -> io.appium.android.apis.ApiDemos
&amp#27;[38;5;181m[4246ae4a]&amp#27;[0m&amp#27;[38;5;-153m[AndroidUiautomator2Driver@ec20]&amp#27;[0m Pushing settings apk to the device...
&amp#27;[38;5;181m[4246ae4a]&amp#27;[0m&amp#27;[38;5;229m[ADB]&amp#27;[0m Getting package info for 'io.appium.settings'
&amp#27;[38;5;181m[4246ae4a]&amp#27;[0m&amp#27;[38;5;229m[ADB]&amp#27;[0m Running '/Users/rohitsharma/Library/Android/sdk/platform-tools/adb -P 5037 -s emulator-5554 shell dumpsys package io.appium.settings'
&amp#27;[38;5;181m[4246ae4a]&amp#27;[0m&amp#27;[38;5;229m[ADB]&amp#27;[0m Reading package manifest: '/Users/rohitsharma/Library/Android/sdk/build-tools/35.0.0/aapt2 dump badging /Users/rohitsharma/.appium/node_modules/appium-uiautomator2-driver/node_modules/io.appium.settings/apks/settings_apk-debug.apk'
&amp#27;[38;5;181m[4246ae4a]&amp#27;[0m&amp#27;[38;5;229m[ADB]&amp#27;[0m The version name of the installed 'io.appium.settings' is greater or equal to the application version name ('6.0.0' >= '6.0.0')
&amp#27;[38;5;181m[4246ae4a]&amp#27;[0m&amp#27;[38;5;229m[ADB]&amp#27;[0m There is no need to install/upgrade '/Users/rohitsharma/.appium/node_modules/appium-uiautomator2-driver/node_modules/io.appium.settings/apks/settings_apk-debug.apk'
&amp#27;[38;5;181m[4246ae4a]&amp#27;[0m&amp#27;[38;5;229m[ADB]&amp#27;[0m Running '/Users/rohitsharma/Library/Android/sdk/platform-tools/adb -P 5037 -s emulator-5554 shell dumpsys activity services io.appium.settings'
&amp#27;[38;5;181m[4246ae4a]&amp#27;[0m&amp#27;[38;5;-153m[AndroidUiautomator2Driver@ec20]&amp#27;[0m io.appium.settings is already running. There is no need to reset its permissions.
&amp#27;[38;5;181m[4246ae4a]&amp#27;[0m&amp#27;[38;5;160m[Logcat]&amp#27;[0m Starting logs capture with command: /Users/rohitsharma/Library/Android/sdk/platform-tools/adb -P 5037 -s emulator-5554 logcat -v threadtime
&amp#27;[38;5;181m[4246ae4a]&amp#27;[0m&amp#27;[38;5;-153m[AndroidUiautomator2Driver@ec20]&amp#27;[0m Forwarding UiAutomator2 Server port 6790 to local port 8200
&amp#27;[38;5;181m[4246ae4a]&amp#27;[0m&amp#27;[38;5;229m[ADB]&amp#27;[0m Forwarding system: 8200 to device: 6790
&amp#27;[38;5;181m[4246ae4a]&amp#27;[0m&amp#27;[38;5;229m[ADB]&amp#27;[0m Running '/Users/rohitsharma/Library/Android/sdk/platform-tools/adb -P 5037 -s emulator-5554 forward tcp:8200 tcp:6790'
&amp#27;[38;5;181m[4246ae4a]&amp#27;[0m&amp#27;[38;5;229m[ADB]&amp#27;[0m Getting package info for 'io.appium.uiautomator2.server'
&amp#27;[38;5;181m[4246ae4a]&amp#27;[0m&amp#27;[38;5;229m[ADB]&amp#27;[0m Running '/Users/rohitsharma/Library/Android/sdk/platform-tools/adb -P 5037 -s emulator-5554 shell dumpsys package io.appium.uiautomator2.server'
&amp#27;[38;5;181m[4246ae4a]&amp#27;[0m&amp#27;[38;5;229m[ADB]&amp#27;[0m Getting install status for io.appium.uiautomator2.server.test
&amp#27;[38;5;181m[4246ae4a]&amp#27;[0m&amp#27;[38;5;229m[ADB]&amp#27;[0m Checking app cert for /Users/rohitsharma/eclipse-workspace/Appium/ApiDemos-debug.apk
&amp#27;[38;5;181m[4246ae4a]&amp#27;[0m&amp#27;[38;5;229m[ADB]&amp#27;[0m Running '/Users/rohitsharma/Library/Android/sdk/platform-tools/adb -P 5037 -s emulator-5554 shell cmd package list packages'
&amp#27;[38;5;181m[4246ae4a]&amp#27;[0m&amp#27;[38;5;229m[ADB]&amp#27;[0m Using 'apksigner.jar' from '/Users/rohitsharma/Library/Android/sdk/build-tools/35.0.0/lib/apksigner.jar'
&amp#27;[38;5;181m[4246ae4a]&amp#27;[0m&amp#27;[38;5;229m[ADB]&amp#27;[0m Starting apksigner: /Library/Java/JavaVirtualMachines/jdk-24.jdk/Contents/Home/bin/java -Xmx1024M -Xss1m -jar /Users/rohitsharma/Library/Android/sdk/build-tools/35.0.0/lib/apksigner.jar verify --print-certs /Users/rohitsharma/eclipse-workspace/Appium/ApiDemos-debug.apk
&amp#27;[38;5;181m[4246ae4a]&amp#27;[0m&amp#27;[38;5;229m[ADB]&amp#27;[0m 'io.appium.uiautomator2.server.test' is installed
&amp#27;[38;5;181m[4246ae4a]&amp#27;[0m&amp#27;[38;5;229m[ADB]&amp#27;[0m Reading package manifest: '/Users/rohitsharma/Library/Android/sdk/build-tools/35.0.0/aapt2 dump badging /Users/rohitsharma/.appium/node_modules/appium-uiautomator2-driver/node_modules/appium-uiautomator2-server/apks/appium-uiautomator2-server-v8.0.0.apk'
&amp#27;[38;5;181m[4246ae4a]&amp#27;[0m&amp#27;[38;5;229m[ADB]&amp#27;[0m The version name of the installed 'io.appium.uiautomator2.server' is greater or equal to the application version name ('8.0.0' >= '8.0.0')
&amp#27;[38;5;181m[4246ae4a]&amp#27;[0m&amp#27;[38;5;-153m[AndroidUiautomator2Driver@ec20]&amp#27;[0m Server packages status: [{"installState":"sameVersionInstalled","appPath":"/Users/rohitsharma/.appium/node_modules/appium-uiautomator2-driver/node_modules/appium-uiautomator2-server/apks/appium-uiautomator2-server-v8.0.0.apk","appId":"io.appium.uiautomator2.server"},{"installState":"sameVersionInstalled","appPath":"/Users/rohitsharma/.appium/node_modules/appium-uiautomator2-driver/node_modules/appium-uiautomator2-server/apks/appium-uiautomator2-server-debug-androidTest.apk","appId":"io.appium.uiautomator2.server.test"}]
&amp#27;[38;5;181m[4246ae4a]&amp#27;[0m&amp#27;[38;5;-153m[AndroidUiautomator2Driver@ec20]&amp#27;[0m Server packages are not going to be (re)installed
&amp#27;[38;5;181m[4246ae4a]&amp#27;[0m&amp#27;[38;5;-153m[AndroidUiautomator2Driver@ec20]&amp#27;[0m Waiting up to 30000ms for services to be available
&amp#27;[38;5;181m[4246ae4a]&amp#27;[0m&amp#27;[38;5;229m[ADB]&amp#27;[0m Running '/Users/rohitsharma/Library/Android/sdk/platform-tools/adb -P 5037 -s emulator-5554 shell pm list instrumentation'
&amp#27;[38;5;181m[4246ae4a]&amp#27;[0m&amp#27;[38;5;-153m[AndroidUiautomator2Driver@ec20]&amp#27;[0m Instrumentation target 'io.appium.uiautomator2.server.test/androidx.test.runner.AndroidJUnitRunner' is available
&amp#27;[38;5;181m[4246ae4a]&amp#27;[0m&amp#27;[38;5;229m[ADB]&amp#27;[0m Adding packages ["io.appium.settings","io.appium.uiautomator2.server","io.appium.uiautomator2.server.test"] to Doze whitelist
&amp#27;[38;5;181m[4246ae4a]&amp#27;[0m&amp#27;[38;5;229m[ADB]&amp#27;[0m Got the following command chunks to execute: [["dumpsys","deviceidle","whitelist","+io.appium.settings",";","dumpsys","deviceidle","whitelist","+io.appium.uiautomator2.server",";","dumpsys","deviceidle","whitelist","+io.appium.uiautomator2.server.test",";"]]
&amp#27;[38;5;181m[4246ae4a]&amp#27;[0m&amp#27;[38;5;229m[ADB]&amp#27;[0m Running '/Users/rohitsharma/Library/Android/sdk/platform-tools/adb -P 5037 -s emulator-5554 shell dumpsys deviceidle whitelist +io.appium.settings ; dumpsys deviceidle whitelist +io.appium.uiautomator2.server ; dumpsys deviceidle whitelist +io.appium.uiautomator2.server.test ;'
&amp#27;[38;5;181m[4246ae4a]&amp#27;[0m&amp#27;[38;5;229m[ADB]&amp#27;[0m apksigner stdout: Signer #1 certificate DN: C=US, O=Android, CN=Android Debug
Signer #1 certificate SHA-256 digest: 65d222b742c05e2bb5b7ba2c5d8da5006fdc97f549f8748f386b58686f9068ca
Signer #1 certificate SHA-1 digest: 36f3328b5c0cc5e90620656b2d6a53efeed0912d
Signer #1 certificate MD5 digest: f8000c7af83f8f028c1e15f72abeef3e

&amp#27;[38;5;181m[4246ae4a]&amp#27;[0m&amp#27;[38;5;229m[ADB]&amp#27;[0m apksigner stderr: WARNING: A restricted method in java.lang.System has been called
WARNING: java.lang.System::loadLibrary has been called by org.conscrypt.NativeLibraryUtil in an unnamed module (file:/Users/rohitsharma/Library/Android/sdk/build-tools/35.0.0/lib/apksigner.jar)
WARNING: Use --enable-native-access=ALL-UNNAMED to avoid a warning for callers in this module
WARNING: Restricted methods will be blocked in a future release unless native access is enabled


&amp#27;[38;5;181m[4246ae4a]&amp#27;[0m&amp#27;[38;5;229m[ADB]&amp#27;[0m '/Users/rohitsharma/eclipse-workspace/Appium/ApiDemos-debug.apk' is signed with a non-default certificate
&amp#27;[38;5;181m[4246ae4a]&amp#27;[0m&amp#27;[38;5;229m[ADB]&amp#27;[0m Getting package info for 'io.appium.android.apis'
&amp#27;[38;5;181m[4246ae4a]&amp#27;[0m&amp#27;[38;5;229m[ADB]&amp#27;[0m Running '/Users/rohitsharma/Library/Android/sdk/platform-tools/adb -P 5037 -s emulator-5554 shell dumpsys package io.appium.android.apis'
&amp#27;[38;5;181m[4246ae4a]&amp#27;[0m&amp#27;[38;5;229m[ADB]&amp#27;[0m Reading package manifest: '/Users/rohitsharma/Library/Android/sdk/build-tools/35.0.0/aapt2 dump badging /Users/rohitsharma/eclipse-workspace/Appium/ApiDemos-debug.apk'
&amp#27;[38;5;181m[4246ae4a]&amp#27;[0m&amp#27;[38;5;229m[ADB]&amp#27;[0m The version name of the installed 'io.appium.android.apis' is greater or equal to the application version name ('4.0.0' >= '4.0.0')
&amp#27;[38;5;181m[4246ae4a]&amp#27;[0m&amp#27;[38;5;229m[ADB]&amp#27;[0m There is no need to install/upgrade '/Users/rohitsharma/eclipse-workspace/Appium/ApiDemos-debug.apk'
&amp#27;[38;5;181m[4246ae4a]&amp#27;[0m&amp#27;[38;5;-153m[AndroidUiautomator2Driver@ec20]&amp#27;[0m Performing fast reset on 'io.appium.android.apis'
&amp#27;[38;5;181m[4246ae4a]&amp#27;[0m&amp#27;[38;5;229m[ADB]&amp#27;[0m Getting install status for io.appium.android.apis
&amp#27;[38;5;181m[4246ae4a]&amp#27;[0m&amp#27;[38;5;229m[ADB]&amp#27;[0m Running '/Users/rohitsharma/Library/Android/sdk/platform-tools/adb -P 5037 -s emulator-5554 shell cmd package list packages'
&amp#27;[38;5;181m[4246ae4a]&amp#27;[0m&amp#27;[38;5;229m[ADB]&amp#27;[0m 'io.appium.android.apis' is installed
&amp#27;[38;5;181m[4246ae4a]&amp#27;[0m&amp#27;[38;5;229m[ADB]&amp#27;[0m Running '/Users/rohitsharma/Library/Android/sdk/platform-tools/adb -P 5037 -s emulator-5554 shell am force-stop io.appium.android.apis'
&amp#27;[38;5;181m[4246ae4a]&amp#27;[0m&amp#27;[38;5;229m[ADB]&amp#27;[0m Running '/Users/rohitsharma/Library/Android/sdk/platform-tools/adb -P 5037 -s emulator-5554 shell pm clear io.appium.android.apis'
&amp#27;[38;5;181m[4246ae4a]&amp#27;[0m&amp#27;[38;5;-153m[AndroidUiautomator2Driver@ec20]&amp#27;[0m Performed fast reset on the installed 'io.appium.android.apis' application (stop and clear)
&amp#27;[38;5;181m[4246ae4a]&amp#27;[0m&amp#27;[38;5;-153m[AndroidUiautomator2Driver@ec20]&amp#27;[0m Performing shallow cleanup of automation leftovers
&amp#27;[38;5;181m[4246ae4a]&amp#27;[0m&amp#27;[38;5;-153m[AndroidUiautomator2Driver@ec20]&amp#27;[0m No obsolete sessions have been detected (socket hang up)
&amp#27;[38;5;181m[4246ae4a]&amp#27;[0m&amp#27;[38;5;229m[ADB]&amp#27;[0m Running '/Users/rohitsharma/Library/Android/sdk/platform-tools/adb -P 5037 -s emulator-5554 shell am force-stop io.appium.uiautomator2.server'
&amp#27;[38;5;181m[4246ae4a]&amp#27;[0m&amp#27;[38;5;229m[ADB]&amp#27;[0m Running '/Users/rohitsharma/Library/Android/sdk/platform-tools/adb -P 5037 -s emulator-5554 shell am force-stop io.appium.uiautomator2.server.test'
&amp#27;[38;5;181m[4246ae4a]&amp#27;[0m&amp#27;[38;5;-153m[AndroidUiautomator2Driver@ec20]&amp#27;[0m Starting UIAutomator2 server 8.0.0
&amp#27;[38;5;181m[4246ae4a]&amp#27;[0m&amp#27;[38;5;-153m[AndroidUiautomator2Driver@ec20]&amp#27;[0m Using UIAutomator2 server from '/Users/rohitsharma/.appium/node_modules/appium-uiautomator2-driver/node_modules/appium-uiautomator2-server/apks/appium-uiautomator2-server-v8.0.0.apk' and test from '/Users/rohitsharma/.appium/node_modules/appium-uiautomator2-driver/node_modules/appium-uiautomator2-server/apks/appium-uiautomator2-server-debug-androidTest.apk'
&amp#27;[38;5;181m[4246ae4a]&amp#27;[0m&amp#27;[38;5;-153m[AndroidUiautomator2Driver@ec20]&amp#27;[0m Waiting up to 30000ms for UiAutomator2 to be online...
&amp#27;[38;5;181m[4246ae4a]&amp#27;[0m&amp#27;[38;5;229m[ADB]&amp#27;[0m Creating ADB subprocess with args: ["-P","5037","-s","emulator-5554","shell","am","instrument","-w","-e","disableAnalytics","true","io.appium.uiautomator2.server.test/androidx.test.runner.AndroidJUnitRunner"]
&amp#27;[38;5;181m[4246ae4a]&amp#27;[0m&amp#27;[38;5;-153m[AndroidUiautomator2Driver@ec20]&amp#27;[0m Matched '/status' to command name 'getStatus'
&amp#27;[38;5;181m[4246ae4a]&amp#27;[0m&amp#27;[38;5;-153m[AndroidUiautomator2Driver@ec20]&amp#27;[0m Proxying [GET /status] to [GET http://127.0.0.1:8200/status] with no body
&amp#27;[38;5;181m[4246ae4a]&amp#27;[0m&amp#27;[38;5;-153m[AndroidUiautomator2Driver@ec20]&amp#27;[0m socket hang up
&amp#27;[38;5;181m[4246ae4a]&amp#27;[0m&amp#27;[38;5;-153m[AndroidUiautomator2Driver@ec20]&amp#27;[0m Matched '/status' to command name 'getStatus'
&amp#27;[38;5;181m[4246ae4a]&amp#27;[0m&amp#27;[38;5;-153m[AndroidUiautomator2Driver@ec20]&amp#27;[0m Proxying [GET /status] to [GET http://127.0.0.1:8200/status] with no body
&amp#27;[38;5;181m[4246ae4a]&amp#27;[0m&amp#27;[38;5;-153m[AndroidUiautomator2Driver@ec20]&amp#27;[0m socket hang up
&amp#27;[38;5;181m[4246ae4a]&amp#27;[0m&amp#27;[38;5;-153m[AndroidUiautomator2Driver@ec20]&amp#27;[0m Matched '/status' to command name 'getStatus'
&amp#27;[38;5;181m[4246ae4a]&amp#27;[0m&amp#27;[38;5;-153m[AndroidUiautomator2Driver@ec20]&amp#27;[0m Proxying [GET /status] to [GET http://127.0.0.1:8200/status] with no body
&amp#27;[38;5;181m[4246ae4a]&amp#27;[0m&amp#27;[38;5;-153m[AndroidUiautomator2Driver@ec20]&amp#27;[0m socket hang up
&amp#27;[38;5;181m[4246ae4a]&amp#27;[0m&amp#27;[38;5;-153m[AndroidUiautomator2Driver@ec20]&amp#27;[0m Matched '/status' to command name 'getStatus'
&amp#27;[38;5;181m[4246ae4a]&amp#27;[0m&amp#27;[38;5;-153m[AndroidUiautomator2Driver@ec20]&amp#27;[0m Proxying [GET /status] to [GET http://127.0.0.1:8200/status] with no body
&amp#27;[38;5;181m[4246ae4a]&amp#27;[0m&amp#27;[38;5;-153m[AndroidUiautomator2Driver@ec20]&amp#27;[0m socket hang up
&amp#27;[38;5;181m[4246ae4a]&amp#27;[0m&amp#27;[38;5;-153m[AndroidUiautomator2Driver@ec20]&amp#27;[0m [Instrumentation] 
&amp#27;[38;5;181m[4246ae4a]&amp#27;[0m&amp#27;[38;5;-153m[AndroidUiautomator2Driver@ec20]&amp#27;[0m Matched '/status' to command name 'getStatus'
&amp#27;[38;5;181m[4246ae4a]&amp#27;[0m&amp#27;[38;5;-153m[AndroidUiautomator2Driver@ec20]&amp#27;[0m Proxying [GET /status] to [GET http://127.0.0.1:8200/status] with no body
&amp#27;[38;5;181m[4246ae4a]&amp#27;[0m&amp#27;[38;5;-153m[AndroidUiautomator2Driver@ec20]&amp#27;[0m Got response with status 200: {"sessionId":"None","value":{"build":{"version":"8.0.0","versionCode":221},"message":"UiAutomator2 Server is ready to accept commands","ready":true}}
&amp#27;[38;5;181m[4246ae4a]&amp#27;[0m&amp#27;[38;5;-153m[AndroidUiautomator2Driver@ec20]&amp#27;[0m The initialization of the instrumentation process took 4146ms
&amp#27;[38;5;181m[4246ae4a]&amp#27;[0m&amp#27;[38;5;-153m[AndroidUiautomator2Driver@ec20]&amp#27;[0m Matched '/session' to command name 'createSession'
&amp#27;[38;5;181m[4246ae4a]&amp#27;[0m&amp#27;[38;5;-153m[AndroidUiautomator2Driver@ec20]&amp#27;[0m Proxying [POST /session] to [POST http://127.0.0.1:8200/session] with body: {"capabilities":{"firstMatch":[{"platformName":"ANDROID","deviceName":"emulator-5554","automationName":"UIAutomator2","app":"/Users/rohitsharma/eclipse-workspace/Appium/ApiDemos-debug.apk","platform":"LINUX","webStorageEnabled":false,"takesScreenshot":true,"javascriptEnabled":true,"databaseEnabled":false,"networkConnectionEnabled":true,"locationContextEnabled":false,"warnings":{},"desired":{"platformName":"ANDROID","deviceName":"pixel7","automationName":"UIAutomator2","app":"/Users/rohitsharma/eclipse-workspace/Appium/ApiDemos-debug.apk"},"deviceUDID":"emulator-5554","appPackage":"io.appium.android.apis","appActivity":"io.appium.android.apis.ApiDemos"}],"alwaysMatch":{}}}
&amp#27;[38;5;181m[4246ae4a]&amp#27;[0m&amp#27;[38;5;-153m[AndroidUiautomator2Driver@ec20]&amp#27;[0m Got response with status 200: {"sessionId":"ea80a1e2-d1d7-4028-a035-5741e6149b89","value":{"capabilities":{"firstMatch":[{"platformName":"ANDROID","deviceName":"emulator-5554","automationName":"UIAutomator2","app":"/Users/rohitsharma/eclipse-workspace/Appium/ApiDemos-debug.apk","platform":"LINUX","webStorageEnabled":false,"takesScreenshot":true,"javascriptEnabled":true,"databaseEnabled":false,"networkConnectionEnabled":true,"locationContextEnabled":false,"warnings":{},"desired":{"platformName":"ANDROID","deviceName":"pixel7","automationName":"UIAutomator2","app":"/Users/rohitsharma/eclipse-workspace/Appium/ApiDemos-debug.apk"},"deviceUDID":"emulator-5554","appPackage":"io.appium.android.apis","appActivity":"io.appium.android.apis.ApiDemos"}],"alwaysMatch":{}},"sessionId":"ea80a1e2-d1d7-4028-a035-5741e6149b89"}}
&amp#27;[38;5;181m[4246ae4a]&amp#27;[0m&amp#27;[38;5;-153m[AndroidUiautomator2Driver@ec20]&amp#27;[0m Determined the downstream protocol as 'W3C'
&amp#27;[38;5;181m[4246ae4a]&amp#27;[0m&amp#27;[38;5;-153m[AndroidUiautomator2Driver@ec20]&amp#27;[0m Proxying [GET /appium/device/pixel_ratio] to [GET http://127.0.0.1:8200/session/ea80a1e2-d1d7-4028-a035-5741e6149b89/appium/device/pixel_ratio] with no body
&amp#27;[38;5;181m[4246ae4a]&amp#27;[0m&amp#27;[38;5;-153m[AndroidUiautomator2Driver@ec20]&amp#27;[0m Matched '/appium/device/system_bars' to command name 'getSystemBars'
&amp#27;[38;5;181m[4246ae4a]&amp#27;[0m&amp#27;[38;5;-153m[AndroidUiautomator2Driver@ec20]&amp#27;[0m Proxying [GET /appium/device/system_bars] to [GET http://127.0.0.1:8200/session/ea80a1e2-d1d7-4028-a035-5741e6149b89/appium/device/system_bars] with no body
&amp#27;[38;5;181m[4246ae4a]&amp#27;[0m&amp#27;[38;5;-153m[AndroidUiautomator2Driver@ec20]&amp#27;[0m Matched '/window/current/size' to command name 'getWindowSize'
&amp#27;[38;5;181m[4246ae4a]&amp#27;[0m&amp#27;[38;5;-153m[AndroidUiautomator2Driver@ec20]&amp#27;[0m Proxying [GET /window/current/size] to [GET http://127.0.0.1:8200/session/ea80a1e2-d1d7-4028-a035-5741e6149b89/window/current/size] with no body
&amp#27;[38;5;181m[4246ae4a]&amp#27;[0m&amp#27;[38;5;-153m[AndroidUiautomator2Driver@ec20]&amp#27;[0m Proxying [GET /appium/device/info] to [GET http://127.0.0.1:8200/session/ea80a1e2-d1d7-4028-a035-5741e6149b89/appium/device/info] with no body
&amp#27;[38;5;181m[4246ae4a]&amp#27;[0m&amp#27;[38;5;229m[ADB]&amp#27;[0m Running '/Users/rohitsharma/Library/Android/sdk/platform-tools/adb -P 5037 -s emulator-5554 shell dumpsys window'
&amp#27;[38;5;181m[4246ae4a]&amp#27;[0m&amp#27;[38;5;229m[ADB]&amp#27;[0m Running '/Users/rohitsharma/Library/Android/sdk/platform-tools/adb -P 5037 -s emulator-5554 shell dumpsys power'
&amp#27;[38;5;181m[4246ae4a]&amp#27;[0m&amp#27;[38;5;-153m[AndroidUiautomator2Driver@ec20]&amp#27;[0m Got response with status 200: {"sessionId":"ea80a1e2-d1d7-4028-a035-5741e6149b89","value":3.5}
&amp#27;[38;5;181m[4246ae4a]&amp#27;[0m&amp#27;[38;5;-153m[AndroidUiautomator2Driver@ec20]&amp#27;[0m Got response with status 200: {"sessionId":"ea80a1e2-d1d7-4028-a035-5741e6149b89","value":{"height":3120,"width":1440}}
&amp#27;[38;5;181m[4246ae4a]&amp#27;[0m&amp#27;[38;5;-153m[AndroidUiautomator2Driver@ec20]&amp#27;[0m Got response with status 200: {"sessionId":"ea80a1e2-d1d7-4028-a035-5741e6149b89","value":{"statusBar":144}}
&amp#27;[38;5;181m[4246ae4a]&amp#27;[0m&amp#27;[38;5;-153m[AndroidUiautomator2Driver@ec20]&amp#27;[0m Got response with status 200: {"sessionId":"ea80a1e2-d1d7-4028-a035-5741e6149b89","value":{"androidId":"44c195ff630c8cf4","apiVersion":"36","bluetooth":{"state":"ON"},"brand":"google","carrierName":"T-Mobile","displayDensity":560,"locale":"en_US","manufacturer":"Google","model":"sdk_gphone64_arm64","networks":[{"capabilities":{"SSID":null,"linkDownBandwidthKbps":30000,"linkUpstreamBandwidthKbps":12000,"networkCapabilities":"NET_CAPABILITY_NOT_METERED,NET_CAPABILITY_INTERNET,NET_CAPABILITY_NOT_RESTRICTED,NET_CAPABILITY_TRUSTED,NET_CAPABILITY_NOT_VPN,NET_CAPABILITY_VALIDATED,NET_CAPABILITY_NOT_ROAMING,NET_CAPABILITY_FOREGROUND,NET_CAPABILITY_NOT_CONGESTED,NET_CAPABILITY_NOT_SUSPENDED","signalStrength":-50,"transportTypes":"TRANSPORT_WIFI"},"detailedState":"CONNECTED","extraInfo":"","isAvailable":true,"isConnected":true,"isFailover":false,"isRoaming":false,"state":"CONNECTED","subtype":-1,"subtypeName":"","type":1,"typeName":"WIFI"},{"capabilities":{"SSID":null,"linkDownBandwidthKbps":145000,"linkUpstreamBandwidthKbps":60000,"networkCapab...
&amp#27;[38;5;181m[4246ae4a]&amp#27;[0m&amp#27;[38;5;-153m[AndroidUiautomator2Driver@ec20]&amp#27;[0m Screen already unlocked, doing nothing
&amp#27;[38;5;181m[4246ae4a]&amp#27;[0m&amp#27;[38;5;-153m[AndroidUiautomator2Driver@ec20]&amp#27;[0m Starting 'io.appium.android.apis/io.appium.android.apis.ApiDemos' and waiting for 'io.appium.android.apis/io.appium.android.apis.ApiDemos'
&amp#27;[38;5;181m[4246ae4a]&amp#27;[0m&amp#27;[38;5;229m[ADB]&amp#27;[0m Running '/Users/rohitsharma/Library/Android/sdk/platform-tools/adb -P 5037 -s emulator-5554 shell am start-activity -W -n io.appium.android.apis/io.appium.android.apis.ApiDemos -S -a android.intent.action.MAIN -c android.intent.category.LAUNCHER -f 0x10200000'
&amp#27;[38;5;181m[4246ae4a]&amp#27;[0m&amp#27;[38;5;229m[ADB]&amp#27;[0m Expected package names to be focused within 20000ms: 'io.appium.android.apis'
&amp#27;[38;5;181m[4246ae4a]&amp#27;[0m&amp#27;[38;5;229m[ADB]&amp#27;[0m Expected activity name patterns to be focused within 20000ms: '/^io\.appium\.android\.apis\.ApiDemos$/'
&amp#27;[38;5;181m[4246ae4a]&amp#27;[0m&amp#27;[38;5;229m[ADB]&amp#27;[0m Getting focused package and activity
&amp#27;[38;5;181m[4246ae4a]&amp#27;[0m&amp#27;[38;5;229m[ADB]&amp#27;[0m Running '/Users/rohitsharma/Library/Android/sdk/platform-tools/adb -P 5037 -s emulator-5554 shell dumpsys window displays'
&amp#27;[38;5;181m[4246ae4a]&amp#27;[0m&amp#27;[38;5;229m[ADB]&amp#27;[0m Focused package: io.appium.android.apis
&amp#27;[38;5;181m[4246ae4a]&amp#27;[0m&amp#27;[38;5;229m[ADB]&amp#27;[0m Focused fully qualified activity name: io.appium.android.apis.ApiDemos
&amp#27;[38;5;181m[4246ae4a]&amp#27;[0m&amp#27;[38;5;23m[AppiumDriver@018d]&amp#27;[0m New AndroidUiautomator2Driver session created successfully, session 4246ae4a-b62b-4287-bbb7-c4700450b5c3 added to master session list
&amp#27;[38;5;181m[4246ae4a]&amp#27;[0m&amp#27;[38;5;23m[AppiumDriver@018d]&amp#27;[0m Event 'newSessionStarted' logged at 1757408069806 (14:24:29 GMT+0530 (India Standard Time))
&amp#27;[38;5;181m[4246ae4a]&amp#27;[0m&amp#27;[38;5;-153m[AndroidUiautomator2Driver@ec20]&amp#27;[0m Cached the protocol value 'W3C' for the new session 4246ae4a-b62b-4287-bbb7-c4700450b5c3
&amp#27;[38;5;181m[4246ae4a]&amp#27;[0m&amp#27;[38;5;-153m[AndroidUiautomator2Driver@ec20]&amp#27;[0m Responding to client with driver.createSession() result: {"capabilities":{"platformName":"ANDROID","deviceName":"emulator-5554","automationName":"UIAutomator2","app":"/Users/rohitsharma/eclipse-workspace/Appium/ApiDemos-debug.apk","platform":"LINUX","webStorageEnabled":false,"takesScreenshot":true,"javascriptEnabled":true,"databaseEnabled":false,"networkConnectionEnabled":true,"locationContextEnabled":false,"warnings":{},"desired":{"platformName":"ANDROID","deviceName":"pixel7","automationName":"UIAutomator2","app":"/Users/rohitsharma/eclipse-workspace/Appium/ApiDemos-debug.apk"},"deviceUDID":"emulator-5554","appPackage":"io.appium.android.apis","appActivity":"io.appium.android.apis.ApiDemos","pixelRatio":"3.5","statBarHeight":144,"viewportRect":{"left":0,"top":144,"width":1440,"height":2976},"deviceApiLevel":36,"platformVersion":"16","deviceManufacturer":"Google","deviceModel":"sdk_gphone64_arm64","deviceScreenSize":"1440x3120","deviceScreenDensity":560}}
&amp#27;[38;5;181m[4246ae4a]&amp#27;[0m&amp#27;[38;5;86m[HTTP]&amp#27;[0m &amp#27;[37m<-- POST /session &amp#27;[39m&amp#27;[32m200&amp#27;[39m &amp#27;[90m8973 ms - 974&amp#27;[39m &amp#27;[90m&amp#27;[39m
&amp#27;[38;5;181m[4246ae4a]&amp#27;[0m&amp#27;[38;5;86m[HTTP]&amp#27;[0m &amp#27;[37m-->&amp#27;[39m &amp#27;[37mPOST&amp#27;[39m &amp#27;[37m/session/4246ae4a-b62b-4287-bbb7-c4700450b5c3/timeouts&amp#27;[39m &amp#27;[90m{"implicit":10000}&amp#27;[39m
&amp#27;[38;5;181m[4246ae4a]&amp#27;[0m&amp#27;[38;5;-153m[AndroidUiautomator2Driver@ec20]&amp#27;[0m Calling AppiumDriver.timeouts() with args: [null,null,null,null,10000,"4246ae4a-b62b-4287-bbb7-c4700450b5c3"]
&amp#27;[38;5;181m[4246ae4a]&amp#27;[0m&amp#27;[38;5;-153m[AndroidUiautomator2Driver@ec20]&amp#27;[0m W3C timeout argument: {"implicit":10000}}
&amp#27;[38;5;181m[4246ae4a]&amp#27;[0m&amp#27;[38;5;-153m[AndroidUiautomator2Driver@ec20]&amp#27;[0m Set implicit wait to 10000ms
&amp#27;[38;5;181m[4246ae4a]&amp#27;[0m&amp#27;[38;5;-153m[AndroidUiautomator2Driver@ec20]&amp#27;[0m Responding to client with driver.timeouts() result: null
&amp#27;[38;5;181m[4246ae4a]&amp#27;[0m&amp#27;[38;5;86m[HTTP]&amp#27;[0m &amp#27;[37m<-- POST /session/4246ae4a-b62b-4287-bbb7-c4700450b5c3/timeouts &amp#27;[39m&amp#27;[32m200&amp#27;[39m &amp#27;[90m10 ms - 14&amp#27;[39m &amp#27;[90m&amp#27;[39m

@Mobile
Scenario: Basic Mobile automation feature             &amp#27;[90m# src/test/resources/Selenium/Cucumber/Mobile/BasicWifi.feature:4&amp#27;[0m
Test Step started: Given I am on Mobile Dashboard page for app
[INFO] Mobile app dashboard assumed ready.
  &amp#27;[32mGiven &amp#27;[0m&amp#27;[32mI am on Mobile Dashboard page for app&amp#27;[0m         &amp#27;[90m# Selenium.Cucumber.MobileStepDefinitions.Snippet.i_am_on_mobile_dashboard_page_for_app()&amp#27;[0m
Test Step started: When I click on mobile "preference"
accessibilityId@@@Preference - value of whole locator
&amp#27;[38;5;181m[4246ae4a]&amp#27;[0m&amp#27;[38;5;86m[HTTP]&amp#27;[0m &amp#27;[37m-->&amp#27;[39m &amp#27;[37mPOST&amp#27;[39m &amp#27;[37m/session/4246ae4a-b62b-4287-bbb7-c4700450b5c3/element&amp#27;[39m &amp#27;[90m{"using":"accessibility id","value":"Preference"}&amp#27;[39m
&amp#27;[38;5;181m[4246ae4a]&amp#27;[0m&amp#27;[38;5;-153m[AndroidUiautomator2Driver@ec20]&amp#27;[0m Calling AppiumDriver.findElement() with args: ["accessibility id","Preference","4246ae4a-b62b-4287-bbb7-c4700450b5c3"]
&amp#27;[38;5;181m[4246ae4a]&amp#27;[0m&amp#27;[38;5;-153m[AndroidUiautomator2Driver@ec20]&amp#27;[0m Valid locator strategies for this request: xpath, id, class name, accessibility id, css selector, -android uiautomator
&amp#27;[38;5;181m[4246ae4a]&amp#27;[0m&amp#27;[38;5;-153m[AndroidUiautomator2Driver@ec20]&amp#27;[0m Waiting up to 10000 ms for condition
&amp#27;[38;5;181m[4246ae4a]&amp#27;[0m&amp#27;[38;5;-153m[AndroidUiautomator2Driver@ec20]&amp#27;[0m Matched '/element' to command name 'findElement'
&amp#27;[38;5;181m[4246ae4a]&amp#27;[0m&amp#27;[38;5;-153m[AndroidUiautomator2Driver@ec20]&amp#27;[0m Proxying [POST /element] to [POST http://127.0.0.1:8200/session/ea80a1e2-d1d7-4028-a035-5741e6149b89/element] with body: {"strategy":"accessibility id","selector":"Preference","context":"","multiple":false}
&amp#27;[38;5;181m[4246ae4a]&amp#27;[0m&amp#27;[38;5;-153m[AndroidUiautomator2Driver@ec20]&amp#27;[0m Got response with status 200: {"sessionId":"ea80a1e2-d1d7-4028-a035-5741e6149b89","value":{"ELEMENT":"00000000-0000-0106-ffff-ffff00000012","element-6066-11e4-a52e-4f735466cecf":"00000000-0000-0106-ffff-ffff00000012"}}
&amp#27;[38;5;181m[4246ae4a]&amp#27;[0m&amp#27;[38;5;-153m[AndroidUiautomator2Driver@ec20]&amp#27;[0m Responding to client with driver.findElement() result: {"element-6066-11e4-a52e-4f735466cecf":"00000000-0000-0106-ffff-ffff00000012","ELEMENT":"00000000-0000-0106-ffff-ffff00000012"}
&amp#27;[38;5;181m[4246ae4a]&amp#27;[0m&amp#27;[38;5;86m[HTTP]&amp#27;[0m &amp#27;[37m<-- POST /session/4246ae4a-b62b-4287-bbb7-c4700450b5c3/element &amp#27;[39m&amp#27;[32m200&amp#27;[39m &amp#27;[90m511 ms - 137&amp#27;[39m &amp#27;[90m&amp#27;[39m
&amp#27;[38;5;181m[4246ae4a]&amp#27;[0m&amp#27;[38;5;86m[HTTP]&amp#27;[0m &amp#27;[37m-->&amp#27;[39m &amp#27;[37mPOST&amp#27;[39m &amp#27;[37m/session/4246ae4a-b62b-4287-bbb7-c4700450b5c3/element/00000000-0000-0106-ffff-ffff00000012/click&amp#27;[39m &amp#27;[90m{"id":"00000000-0000-0106-ffff-ffff00000012"}&amp#27;[39m
&amp#27;[38;5;181m[4246ae4a]&amp#27;[0m&amp#27;[38;5;-153m[AndroidUiautomator2Driver@ec20]&amp#27;[0m Calling AppiumDriver.click() with args: ["00000000-0000-0106-ffff-ffff00000012","4246ae4a-b62b-4287-bbb7-c4700450b5c3"]
&amp#27;[38;5;181m[4246ae4a]&amp#27;[0m&amp#27;[38;5;-153m[AndroidUiautomator2Driver@ec20]&amp#27;[0m Matched '/element/00000000-0000-0106-ffff-ffff00000012/click' to command name 'click'
&amp#27;[38;5;181m[4246ae4a]&amp#27;[0m&amp#27;[38;5;-153m[AndroidUiautomator2Driver@ec20]&amp#27;[0m Proxying [POST /element/00000000-0000-0106-ffff-ffff00000012/click] to [POST http://127.0.0.1:8200/session/ea80a1e2-d1d7-4028-a035-5741e6149b89/element/00000000-0000-0106-ffff-ffff00000012/click] with body: {"element":"00000000-0000-0106-ffff-ffff00000012"}
&amp#27;[38;5;181m[4246ae4a]&amp#27;[0m&amp#27;[38;5;-153m[AndroidUiautomator2Driver@ec20]&amp#27;[0m Got response with status 200: {"sessionId":"ea80a1e2-d1d7-4028-a035-5741e6149b89","value":null}
&amp#27;[38;5;181m[4246ae4a]&amp#27;[0m&amp#27;[38;5;-153m[AndroidUiautomator2Driver@ec20]&amp#27;[0m Responding to client with driver.click() result: null
&amp#27;[38;5;181m[4246ae4a]&amp#27;[0m&amp#27;[38;5;86m[HTTP]&amp#27;[0m &amp#27;[37m<-- POST /session/4246ae4a-b62b-4287-bbb7-c4700450b5c3/element/00000000-0000-0106-ffff-ffff00000012/click &amp#27;[39m&amp#27;[32m200&amp#27;[39m &amp#27;[90m1411 ms - 14&amp#27;[39m &amp#27;[90m&amp#27;[39m
[INFO] Clicked on: preference
  &amp#27;[32mWhen &amp#27;[0m&amp#27;[32mI click on mobile &amp#27;[0m&amp#27;[32m&amp#27;[1m"preference"&amp#27;[0m                 &amp#27;[90m# Selenium.Cucumber.MobileStepDefinitions.Snippet.i_click_on(java.lang.String)&amp#27;[0m
Test Step started: And I click on mobile "preference_dependencies"
accessibilityId@@@3. Preference dependencies - value of whole locator
&amp#27;[38;5;181m[4246ae4a]&amp#27;[0m&amp#27;[38;5;86m[HTTP]&amp#27;[0m &amp#27;[37m-->&amp#27;[39m &amp#27;[37mPOST&amp#27;[39m &amp#27;[37m/session/4246ae4a-b62b-4287-bbb7-c4700450b5c3/element&amp#27;[39m &amp#27;[90m{"using":"accessibility id","value":"3. Preference dependencies"}&amp#27;[39m
&amp#27;[38;5;181m[4246ae4a]&amp#27;[0m&amp#27;[38;5;-153m[AndroidUiautomator2Driver@ec20]&amp#27;[0m Calling AppiumDriver.findElement() with args: ["accessibility id","3. Preference dependencies","4246ae4a-b62b-4287-bbb7-c4700450b5c3"]
&amp#27;[38;5;181m[4246ae4a]&amp#27;[0m&amp#27;[38;5;-153m[AndroidUiautomator2Driver@ec20]&amp#27;[0m Valid locator strategies for this request: xpath, id, class name, accessibility id, css selector, -android uiautomator
&amp#27;[38;5;181m[4246ae4a]&amp#27;[0m&amp#27;[38;5;-153m[AndroidUiautomator2Driver@ec20]&amp#27;[0m Waiting up to 10000 ms for condition
&amp#27;[38;5;181m[4246ae4a]&amp#27;[0m&amp#27;[38;5;-153m[AndroidUiautomator2Driver@ec20]&amp#27;[0m Matched '/element' to command name 'findElement'
&amp#27;[38;5;181m[4246ae4a]&amp#27;[0m&amp#27;[38;5;-153m[AndroidUiautomator2Driver@ec20]&amp#27;[0m Proxying [POST /element] to [POST http://127.0.0.1:8200/session/ea80a1e2-d1d7-4028-a035-5741e6149b89/element] with body: {"strategy":"accessibility id","selector":"3. Preference dependencies","context":"","multiple":false}
&amp#27;[38;5;181m[4246ae4a]&amp#27;[0m&amp#27;[38;5;-153m[AndroidUiautomator2Driver@ec20]&amp#27;[0m Got response with status 200: {"sessionId":"ea80a1e2-d1d7-4028-a035-5741e6149b89","value":{"ELEMENT":"00000000-0000-0107-ffff-ffff00000021","element-6066-11e4-a52e-4f735466cecf":"00000000-0000-0107-ffff-ffff00000021"}}
&amp#27;[38;5;181m[4246ae4a]&amp#27;[0m&amp#27;[38;5;-153m[AndroidUiautomator2Driver@ec20]&amp#27;[0m Responding to client with driver.findElement() result: {"element-6066-11e4-a52e-4f735466cecf":"00000000-0000-0107-ffff-ffff00000021","ELEMENT":"00000000-0000-0107-ffff-ffff00000021"}
&amp#27;[38;5;181m[4246ae4a]&amp#27;[0m&amp#27;[38;5;86m[HTTP]&amp#27;[0m &amp#27;[37m<-- POST /session/4246ae4a-b62b-4287-bbb7-c4700450b5c3/element &amp#27;[39m&amp#27;[32m200&amp#27;[39m &amp#27;[90m36 ms - 137&amp#27;[39m &amp#27;[90m&amp#27;[39m
&amp#27;[38;5;181m[4246ae4a]&amp#27;[0m&amp#27;[38;5;86m[HTTP]&amp#27;[0m &amp#27;[37m-->&amp#27;[39m &amp#27;[37mPOST&amp#27;[39m &amp#27;[37m/session/4246ae4a-b62b-4287-bbb7-c4700450b5c3/element/00000000-0000-0107-ffff-ffff00000021/click&amp#27;[39m &amp#27;[90m{"id":"00000000-0000-0107-ffff-ffff00000021"}&amp#27;[39m
&amp#27;[38;5;181m[4246ae4a]&amp#27;[0m&amp#27;[38;5;-153m[AndroidUiautomator2Driver@ec20]&amp#27;[0m Calling AppiumDriver.click() with args: ["00000000-0000-0107-ffff-ffff00000021","4246ae4a-b62b-4287-bbb7-c4700450b5c3"]
&amp#27;[38;5;181m[4246ae4a]&amp#27;[0m&amp#27;[38;5;-153m[AndroidUiautomator2Driver@ec20]&amp#27;[0m Matched '/element/00000000-0000-0107-ffff-ffff00000021/click' to command name 'click'
&amp#27;[38;5;181m[4246ae4a]&amp#27;[0m&amp#27;[38;5;-153m[AndroidUiautomator2Driver@ec20]&amp#27;[0m Proxying [POST /element/00000000-0000-0107-ffff-ffff00000021/click] to [POST http://127.0.0.1:8200/session/ea80a1e2-d1d7-4028-a035-5741e6149b89/element/00000000-0000-0107-ffff-ffff00000021/click] with body: {"element":"00000000-0000-0107-ffff-ffff00000021"}
&amp#27;[38;5;181m[4246ae4a]&amp#27;[0m&amp#27;[38;5;-153m[AndroidUiautomator2Driver@ec20]&amp#27;[0m Got response with status 200: {"sessionId":"ea80a1e2-d1d7-4028-a035-5741e6149b89","value":null}
&amp#27;[38;5;181m[4246ae4a]&amp#27;[0m&amp#27;[38;5;-153m[AndroidUiautomator2Driver@ec20]&amp#27;[0m Responding to client with driver.click() result: null
&amp#27;[38;5;181m[4246ae4a]&amp#27;[0m&amp#27;[38;5;86m[HTTP]&amp#27;[0m &amp#27;[37m<-- POST /session/4246ae4a-b62b-4287-bbb7-c4700450b5c3/element/00000000-0000-0107-ffff-ffff00000021/click &amp#27;[39m&amp#27;[32m200&amp#27;[39m &amp#27;[90m1426 ms - 14&amp#27;[39m &amp#27;[90m&amp#27;[39m
[INFO] Clicked on: preference_dependencies
  &amp#27;[32mAnd &amp#27;[0m&amp#27;[32mI click on mobile &amp#27;[0m&amp#27;[32m&amp#27;[1m"preference_dependencies"&amp#27;[0m     &amp#27;[90m# Selenium.Cucumber.MobileStepDefinitions.Snippet.i_click_on(java.lang.String)&amp#27;[0m
Test Step started: And I click on mobile "wificheckbox"
id@@@android:id/checkbox - value of whole locator
&amp#27;[38;5;181m[4246ae4a]&amp#27;[0m&amp#27;[38;5;86m[HTTP]&amp#27;[0m &amp#27;[37m-->&amp#27;[39m &amp#27;[37mPOST&amp#27;[39m &amp#27;[37m/session/4246ae4a-b62b-4287-bbb7-c4700450b5c3/element&amp#27;[39m &amp#27;[90m{"using":"id","value":"android:id/checkbox"}&amp#27;[39m
&amp#27;[38;5;181m[4246ae4a]&amp#27;[0m&amp#27;[38;5;-153m[AndroidUiautomator2Driver@ec20]&amp#27;[0m Calling AppiumDriver.findElement() with args: ["id","android:id/checkbox","4246ae4a-b62b-4287-bbb7-c4700450b5c3"]
&amp#27;[38;5;181m[4246ae4a]&amp#27;[0m&amp#27;[38;5;-153m[AndroidUiautomator2Driver@ec20]&amp#27;[0m Valid locator strategies for this request: xpath, id, class name, accessibility id, css selector, -android uiautomator
&amp#27;[38;5;181m[4246ae4a]&amp#27;[0m&amp#27;[38;5;-153m[AndroidUiautomator2Driver@ec20]&amp#27;[0m Waiting up to 10000 ms for condition
&amp#27;[38;5;181m[4246ae4a]&amp#27;[0m&amp#27;[38;5;-153m[AndroidUiautomator2Driver@ec20]&amp#27;[0m Matched '/element' to command name 'findElement'
&amp#27;[38;5;181m[4246ae4a]&amp#27;[0m&amp#27;[38;5;-153m[AndroidUiautomator2Driver@ec20]&amp#27;[0m Proxying [POST /element] to [POST http://127.0.0.1:8200/session/ea80a1e2-d1d7-4028-a035-5741e6149b89/element] with body: {"strategy":"id","selector":"android:id/checkbox","context":"","multiple":false}
&amp#27;[38;5;181m[4246ae4a]&amp#27;[0m&amp#27;[38;5;-153m[AndroidUiautomator2Driver@ec20]&amp#27;[0m Got response with status 200: {"sessionId":"ea80a1e2-d1d7-4028-a035-5741e6149b89","value":{"ELEMENT":"00000000-0000-0108-ffff-ffff00000044","element-6066-11e4-a52e-4f735466cecf":"00000000-0000-0108-ffff-ffff00000044"}}
&amp#27;[38;5;181m[4246ae4a]&amp#27;[0m&amp#27;[38;5;-153m[AndroidUiautomator2Driver@ec20]&amp#27;[0m Responding to client with driver.findElement() result: {"element-6066-11e4-a52e-4f735466cecf":"00000000-0000-0108-ffff-ffff00000044","ELEMENT":"00000000-0000-0108-ffff-ffff00000044"}
&amp#27;[38;5;181m[4246ae4a]&amp#27;[0m&amp#27;[38;5;86m[HTTP]&amp#27;[0m &amp#27;[37m<-- POST /session/4246ae4a-b62b-4287-bbb7-c4700450b5c3/element &amp#27;[39m&amp#27;[32m200&amp#27;[39m &amp#27;[90m33 ms - 137&amp#27;[39m &amp#27;[90m&amp#27;[39m
&amp#27;[38;5;181m[4246ae4a]&amp#27;[0m&amp#27;[38;5;86m[HTTP]&amp#27;[0m &amp#27;[37m-->&amp#27;[39m &amp#27;[37mPOST&amp#27;[39m &amp#27;[37m/session/4246ae4a-b62b-4287-bbb7-c4700450b5c3/element/00000000-0000-0108-ffff-ffff00000044/click&amp#27;[39m &amp#27;[90m{"id":"00000000-0000-0108-ffff-ffff00000044"}&amp#27;[39m
&amp#27;[38;5;181m[4246ae4a]&amp#27;[0m&amp#27;[38;5;-153m[AndroidUiautomator2Driver@ec20]&amp#27;[0m Calling AppiumDriver.click() with args: ["00000000-0000-0108-ffff-ffff00000044","4246ae4a-b62b-4287-bbb7-c4700450b5c3"]
&amp#27;[38;5;181m[4246ae4a]&amp#27;[0m&amp#27;[38;5;-153m[AndroidUiautomator2Driver@ec20]&amp#27;[0m Matched '/element/00000000-0000-0108-ffff-ffff00000044/click' to command name 'click'
&amp#27;[38;5;181m[4246ae4a]&amp#27;[0m&amp#27;[38;5;-153m[AndroidUiautomator2Driver@ec20]&amp#27;[0m Proxying [POST /element/00000000-0000-0108-ffff-ffff00000044/click] to [POST http://127.0.0.1:8200/session/ea80a1e2-d1d7-4028-a035-5741e6149b89/element/00000000-0000-0108-ffff-ffff00000044/click] with body: {"element":"00000000-0000-0108-ffff-ffff00000044"}
&amp#27;[38;5;181m[4246ae4a]&amp#27;[0m&amp#27;[38;5;-153m[AndroidUiautomator2Driver@ec20]&amp#27;[0m Got response with status 200: {"sessionId":"ea80a1e2-d1d7-4028-a035-5741e6149b89","value":null}
&amp#27;[38;5;181m[4246ae4a]&amp#27;[0m&amp#27;[38;5;-153m[AndroidUiautomator2Driver@ec20]&amp#27;[0m Responding to client with driver.click() result: null
&amp#27;[38;5;181m[4246ae4a]&amp#27;[0m&amp#27;[38;5;86m[HTTP]&amp#27;[0m &amp#27;[37m<-- POST /session/4246ae4a-b62b-4287-bbb7-c4700450b5c3/element/00000000-0000-0108-ffff-ffff00000044/click &amp#27;[39m&amp#27;[32m200&amp#27;[39m &amp#27;[90m818 ms - 14&amp#27;[39m &amp#27;[90m&amp#27;[39m
[INFO] Clicked on: wificheckbox
  &amp#27;[32mAnd &amp#27;[0m&amp#27;[32mI click on mobile &amp#27;[0m&amp#27;[32m&amp#27;[1m"wificheckbox"&amp#27;[0m                &amp#27;[90m# Selenium.Cucumber.MobileStepDefinitions.Snippet.i_click_on(java.lang.String)&amp#27;[0m
Test Step started: And I click on mobile "wifibutton"
androidUIAutomator@@@new UiSelector().className("android.widget.RelativeLayout").instance(1) - value of whole locator
&amp#27;[38;5;181m[4246ae4a]&amp#27;[0m&amp#27;[38;5;86m[HTTP]&amp#27;[0m &amp#27;[37m-->&amp#27;[39m &amp#27;[37mPOST&amp#27;[39m &amp#27;[37m/session/4246ae4a-b62b-4287-bbb7-c4700450b5c3/element&amp#27;[39m &amp#27;[90m{"using":"-android uiautomator","value":"new UiSelector().className(\"android.widget.RelativeLayout\").instance(1)"}&amp#27;[39m
&amp#27;[38;5;181m[4246ae4a]&amp#27;[0m&amp#27;[38;5;-153m[AndroidUiautomator2Driver@ec20]&amp#27;[0m Calling AppiumDriver.findElement() with args: ["-android uiautomator","new UiSelector().className(\"android.widget.RelativeLayout\").instance(1)","4246ae4a-b62b-4287-bbb7-c4700450b5c3"]
&amp#27;[38;5;181m[4246ae4a]&amp#27;[0m&amp#27;[38;5;-153m[AndroidUiautomator2Driver@ec20]&amp#27;[0m Valid locator strategies for this request: xpath, id, class name, accessibility id, css selector, -android uiautomator
&amp#27;[38;5;181m[4246ae4a]&amp#27;[0m&amp#27;[38;5;-153m[AndroidUiautomator2Driver@ec20]&amp#27;[0m Waiting up to 10000 ms for condition
&amp#27;[38;5;181m[4246ae4a]&amp#27;[0m&amp#27;[38;5;-153m[AndroidUiautomator2Driver@ec20]&amp#27;[0m Matched '/element' to command name 'findElement'
&amp#27;[38;5;181m[4246ae4a]&amp#27;[0m&amp#27;[38;5;-153m[AndroidUiautomator2Driver@ec20]&amp#27;[0m Proxying [POST /element] to [POST http://127.0.0.1:8200/session/ea80a1e2-d1d7-4028-a035-5741e6149b89/element] with body: {"strategy":"-android uiautomator","selector":"new UiSelector().className(\"android.widget.RelativeLayout\").instance(1)","context":"","multiple":false}
&amp#27;[38;5;181m[4246ae4a]&amp#27;[0m&amp#27;[38;5;-153m[AndroidUiautomator2Driver@ec20]&amp#27;[0m Got response with status 200: {"sessionId":"ea80a1e2-d1d7-4028-a035-5741e6149b89","value":{"ELEMENT":"00000000-0000-0108-ffff-ffff00000048","element-6066-11e4-a52e-4f735466cecf":"00000000-0000-0108-ffff-ffff00000048"}}
&amp#27;[38;5;181m[4246ae4a]&amp#27;[0m&amp#27;[38;5;-153m[AndroidUiautomator2Driver@ec20]&amp#27;[0m Responding to client with driver.findElement() result: {"element-6066-11e4-a52e-4f735466cecf":"00000000-0000-0108-ffff-ffff00000048","ELEMENT":"00000000-0000-0108-ffff-ffff00000048"}
&amp#27;[38;5;181m[4246ae4a]&amp#27;[0m&amp#27;[38;5;86m[HTTP]&amp#27;[0m &amp#27;[37m<-- POST /session/4246ae4a-b62b-4287-bbb7-c4700450b5c3/element &amp#27;[39m&amp#27;[32m200&amp#27;[39m &amp#27;[90m35 ms - 137&amp#27;[39m &amp#27;[90m&amp#27;[39m
&amp#27;[38;5;181m[4246ae4a]&amp#27;[0m&amp#27;[38;5;86m[HTTP]&amp#27;[0m &amp#27;[37m-->&amp#27;[39m &amp#27;[37mPOST&amp#27;[39m &amp#27;[37m/session/4246ae4a-b62b-4287-bbb7-c4700450b5c3/element/00000000-0000-0108-ffff-ffff00000048/click&amp#27;[39m &amp#27;[90m{"id":"00000000-0000-0108-ffff-ffff00000048"}&amp#27;[39m
&amp#27;[38;5;181m[4246ae4a]&amp#27;[0m&amp#27;[38;5;-153m[AndroidUiautomator2Driver@ec20]&amp#27;[0m Calling AppiumDriver.click() with args: ["00000000-0000-0108-ffff-ffff00000048","4246ae4a-b62b-4287-bbb7-c4700450b5c3"]
&amp#27;[38;5;181m[4246ae4a]&amp#27;[0m&amp#27;[38;5;-153m[AndroidUiautomator2Driver@ec20]&amp#27;[0m Matched '/element/00000000-0000-0108-ffff-ffff00000048/click' to command name 'click'
&amp#27;[38;5;181m[4246ae4a]&amp#27;[0m&amp#27;[38;5;-153m[AndroidUiautomator2Driver@ec20]&amp#27;[0m Proxying [POST /element/00000000-0000-0108-ffff-ffff00000048/click] to [POST http://127.0.0.1:8200/session/ea80a1e2-d1d7-4028-a035-5741e6149b89/element/00000000-0000-0108-ffff-ffff00000048/click] with body: {"element":"00000000-0000-0108-ffff-ffff00000048"}
&amp#27;[38;5;181m[4246ae4a]&amp#27;[0m&amp#27;[38;5;-153m[AndroidUiautomator2Driver@ec20]&amp#27;[0m Got response with status 200: {"sessionId":"ea80a1e2-d1d7-4028-a035-5741e6149b89","value":null}
&amp#27;[38;5;181m[4246ae4a]&amp#27;[0m&amp#27;[38;5;-153m[AndroidUiautomator2Driver@ec20]&amp#27;[0m Responding to client with driver.click() result: null
&amp#27;[38;5;181m[4246ae4a]&amp#27;[0m&amp#27;[38;5;86m[HTTP]&amp#27;[0m &amp#27;[37m<-- POST /session/4246ae4a-b62b-4287-bbb7-c4700450b5c3/element/00000000-0000-0108-ffff-ffff00000048/click &amp#27;[39m&amp#27;[32m200&amp#27;[39m &amp#27;[90m1764 ms - 14&amp#27;[39m &amp#27;[90m&amp#27;[39m
[INFO] Clicked on: wifibutton
  &amp#27;[32mAnd &amp#27;[0m&amp#27;[32mI click on mobile &amp#27;[0m&amp#27;[32m&amp#27;[1m"wifibutton"&amp#27;[0m                  &amp#27;[90m# Selenium.Cucumber.MobileStepDefinitions.Snippet.i_click_on(java.lang.String)&amp#27;[0m
Test Step started: And I enter "rohit" in "wifiinputtext" mobile field
id@@@android:id/edit - value of whole locator
&amp#27;[38;5;181m[4246ae4a]&amp#27;[0m&amp#27;[38;5;86m[HTTP]&amp#27;[0m &amp#27;[37m-->&amp#27;[39m &amp#27;[37mPOST&amp#27;[39m &amp#27;[37m/session/4246ae4a-b62b-4287-bbb7-c4700450b5c3/element&amp#27;[39m &amp#27;[90m{"using":"id","value":"android:id/edit"}&amp#27;[39m
&amp#27;[38;5;181m[4246ae4a]&amp#27;[0m&amp#27;[38;5;-153m[AndroidUiautomator2Driver@ec20]&amp#27;[0m Calling AppiumDriver.findElement() with args: ["id","android:id/edit","4246ae4a-b62b-4287-bbb7-c4700450b5c3"]
&amp#27;[38;5;181m[4246ae4a]&amp#27;[0m&amp#27;[38;5;-153m[AndroidUiautomator2Driver@ec20]&amp#27;[0m Valid locator strategies for this request: xpath, id, class name, accessibility id, css selector, -android uiautomator
&amp#27;[38;5;181m[4246ae4a]&amp#27;[0m&amp#27;[38;5;-153m[AndroidUiautomator2Driver@ec20]&amp#27;[0m Waiting up to 10000 ms for condition
&amp#27;[38;5;181m[4246ae4a]&amp#27;[0m&amp#27;[38;5;-153m[AndroidUiautomator2Driver@ec20]&amp#27;[0m Matched '/element' to command name 'findElement'
&amp#27;[38;5;181m[4246ae4a]&amp#27;[0m&amp#27;[38;5;-153m[AndroidUiautomator2Driver@ec20]&amp#27;[0m Proxying [POST /element] to [POST http://127.0.0.1:8200/session/ea80a1e2-d1d7-4028-a035-5741e6149b89/element] with body: {"strategy":"id","selector":"android:id/edit","context":"","multiple":false}
&amp#27;[38;5;181m[4246ae4a]&amp#27;[0m&amp#27;[38;5;-153m[AndroidUiautomator2Driver@ec20]&amp#27;[0m Got response with status 200: {"sessionId":"ea80a1e2-d1d7-4028-a035-5741e6149b89","value":{"ELEMENT":"00000000-0000-0109-ffff-ffff0000004c","element-6066-11e4-a52e-4f735466cecf":"00000000-0000-0109-ffff-ffff0000004c"}}
&amp#27;[38;5;181m[4246ae4a]&amp#27;[0m&amp#27;[38;5;-153m[AndroidUiautomator2Driver@ec20]&amp#27;[0m Responding to client with driver.findElement() result: {"element-6066-11e4-a52e-4f735466cecf":"00000000-0000-0109-ffff-ffff0000004c","ELEMENT":"00000000-0000-0109-ffff-ffff0000004c"}
&amp#27;[38;5;181m[4246ae4a]&amp#27;[0m&amp#27;[38;5;86m[HTTP]&amp#27;[0m &amp#27;[37m<-- POST /session/4246ae4a-b62b-4287-bbb7-c4700450b5c3/element &amp#27;[39m&amp#27;[32m200&amp#27;[39m &amp#27;[90m64 ms - 137&amp#27;[39m &amp#27;[90m&amp#27;[39m
&amp#27;[38;5;181m[4246ae4a]&amp#27;[0m&amp#27;[38;5;86m[HTTP]&amp#27;[0m &amp#27;[37m-->&amp#27;[39m &amp#27;[37mPOST&amp#27;[39m &amp#27;[37m/session/4246ae4a-b62b-4287-bbb7-c4700450b5c3/element/00000000-0000-0109-ffff-ffff0000004c/value&amp#27;[39m &amp#27;[90m{"text":"rohit","id":"00000000-0000-0109-ffff-ffff0000004c","value":["r","o","h","i","t"]}&amp#27;[39m
&amp#27;[38;5;181m[4246ae4a]&amp#27;[0m&amp#27;[38;5;-153m[AndroidUiautomator2Driver@ec20]&amp#27;[0m Calling AppiumDriver.setValue() with args: [["r","o","h","i","t"],"00000000-0000-0109-ffff-ffff0000004c","4246ae4a-b62b-4287-bbb7-c4700450b5c3"]
&amp#27;[38;5;181m[4246ae4a]&amp#27;[0m&amp#27;[38;5;-153m[AndroidUiautomator2Driver@ec20]&amp#27;[0m Matched '/element/00000000-0000-0109-ffff-ffff0000004c/value' to command name 'setValue'
&amp#27;[38;5;181m[4246ae4a]&amp#27;[0m&amp#27;[38;5;-153m[AndroidUiautomator2Driver@ec20]&amp#27;[0m Added 'value' property ["r","o","h","i","t"] to 'setValue' request body
&amp#27;[38;5;181m[4246ae4a]&amp#27;[0m&amp#27;[38;5;-153m[AndroidUiautomator2Driver@ec20]&amp#27;[0m Proxying [POST /element/00000000-0000-0109-ffff-ffff0000004c/value] to [POST http://127.0.0.1:8200/session/ea80a1e2-d1d7-4028-a035-5741e6149b89/element/00000000-0000-0109-ffff-ffff0000004c/value] with body: {"elementId":"00000000-0000-0109-ffff-ffff0000004c","text":"rohit","replace":false,"value":["r","o","h","i","t"]}
&amp#27;[38;5;181m[4246ae4a]&amp#27;[0m&amp#27;[38;5;-153m[AndroidUiautomator2Driver@ec20]&amp#27;[0m Got response with status 200: {"sessionId":"ea80a1e2-d1d7-4028-a035-5741e6149b89","value":null}
&amp#27;[38;5;181m[4246ae4a]&amp#27;[0m&amp#27;[38;5;-153m[AndroidUiautomator2Driver@ec20]&amp#27;[0m Responding to client with driver.setValue() result: null
&amp#27;[38;5;181m[4246ae4a]&amp#27;[0m&amp#27;[38;5;86m[HTTP]&amp#27;[0m &amp#27;[37m<-- POST /session/4246ae4a-b62b-4287-bbb7-c4700450b5c3/element/00000000-0000-0109-ffff-ffff0000004c/value &amp#27;[39m&amp#27;[32m200&amp#27;[39m &amp#27;[90m145 ms - 14&amp#27;[39m &amp#27;[90m&amp#27;[39m
[INFO] Typed 'rohit' into field: wifiinputtext
  &amp#27;[32mAnd &amp#27;[0m&amp#27;[32mI enter &amp#27;[0m&amp#27;[32m&amp#27;[1m"rohit"&amp#27;[0m&amp#27;[32m in &amp#27;[0m&amp#27;[32m&amp#27;[1m"wifiinputtext"&amp#27;[0m&amp#27;[32m mobile field&amp#27;[0m &amp#27;[90m# Selenium.Cucumber.MobileStepDefinitions.Snippet.i_enter_in(java.lang.String,java.lang.String)&amp#27;[0m
Test Step started: And I click on mobile button "Ok"
xpath@@@//android.widget.Button - value of whole locator
&amp#27;[38;5;181m[4246ae4a]&amp#27;[0m&amp#27;[38;5;86m[HTTP]&amp#27;[0m &amp#27;[37m-->&amp#27;[39m &amp#27;[37mPOST&amp#27;[39m &amp#27;[37m/session/4246ae4a-b62b-4287-bbb7-c4700450b5c3/element&amp#27;[39m &amp#27;[90m{"using":"xpath","value":"//android.widget.Button"}&amp#27;[39m
&amp#27;[38;5;181m[4246ae4a]&amp#27;[0m&amp#27;[38;5;-153m[AndroidUiautomator2Driver@ec20]&amp#27;[0m Calling AppiumDriver.findElement() with args: ["xpath","//android.widget.Button","4246ae4a-b62b-4287-bbb7-c4700450b5c3"]
&amp#27;[38;5;181m[4246ae4a]&amp#27;[0m&amp#27;[38;5;-153m[AndroidUiautomator2Driver@ec20]&amp#27;[0m Valid locator strategies for this request: xpath, id, class name, accessibility id, css selector, -android uiautomator
&amp#27;[38;5;181m[4246ae4a]&amp#27;[0m&amp#27;[38;5;-153m[AndroidUiautomator2Driver@ec20]&amp#27;[0m Waiting up to 10000 ms for condition
&amp#27;[38;5;181m[4246ae4a]&amp#27;[0m&amp#27;[38;5;-153m[AndroidUiautomator2Driver@ec20]&amp#27;[0m Matched '/element' to command name 'findElement'
&amp#27;[38;5;181m[4246ae4a]&amp#27;[0m&amp#27;[38;5;-153m[AndroidUiautomator2Driver@ec20]&amp#27;[0m Proxying [POST /element] to [POST http://127.0.0.1:8200/session/ea80a1e2-d1d7-4028-a035-5741e6149b89/element] with body: {"strategy":"xpath","selector":"//android.widget.Button","context":"","multiple":false}
&amp#27;[38;5;181m[4246ae4a]&amp#27;[0m&amp#27;[38;5;-153m[AndroidUiautomator2Driver@ec20]&amp#27;[0m Got response with status 200: {"sessionId":"ea80a1e2-d1d7-4028-a035-5741e6149b89","value":{"ELEMENT":"00000000-0000-0109-ffff-ffff00000064","element-6066-11e4-a52e-4f735466cecf":"00000000-0000-0109-ffff-ffff00000064"}}
&amp#27;[38;5;181m[4246ae4a]&amp#27;[0m&amp#27;[38;5;-153m[AndroidUiautomator2Driver@ec20]&amp#27;[0m Responding to client with driver.findElement() result: {"element-6066-11e4-a52e-4f735466cecf":"00000000-0000-0109-ffff-ffff00000064","ELEMENT":"00000000-0000-0109-ffff-ffff00000064"}
&amp#27;[38;5;181m[4246ae4a]&amp#27;[0m&amp#27;[38;5;86m[HTTP]&amp#27;[0m &amp#27;[37m<-- POST /session/4246ae4a-b62b-4287-bbb7-c4700450b5c3/element &amp#27;[39m&amp#27;[32m200&amp#27;[39m &amp#27;[90m902 ms - 137&amp#27;[39m &amp#27;[90m&amp#27;[39m
&amp#27;[38;5;181m[4246ae4a]&amp#27;[0m&amp#27;[38;5;86m[HTTP]&amp#27;[0m &amp#27;[37m-->&amp#27;[39m &amp#27;[37mPOST&amp#27;[39m &amp#27;[37m/session/4246ae4a-b62b-4287-bbb7-c4700450b5c3/element/00000000-0000-0109-ffff-ffff00000064/click&amp#27;[39m &amp#27;[90m{"id":"00000000-0000-0109-ffff-ffff00000064"}&amp#27;[39m
&amp#27;[38;5;181m[4246ae4a]&amp#27;[0m&amp#27;[38;5;-153m[AndroidUiautomator2Driver@ec20]&amp#27;[0m Calling AppiumDriver.click() with args: ["00000000-0000-0109-ffff-ffff00000064","4246ae4a-b62b-4287-bbb7-c4700450b5c3"]
&amp#27;[38;5;181m[4246ae4a]&amp#27;[0m&amp#27;[38;5;-153m[AndroidUiautomator2Driver@ec20]&amp#27;[0m Matched '/element/00000000-0000-0109-ffff-ffff00000064/click' to command name 'click'
&amp#27;[38;5;181m[4246ae4a]&amp#27;[0m&amp#27;[38;5;-153m[AndroidUiautomator2Driver@ec20]&amp#27;[0m Proxying [POST /element/00000000-0000-0109-ffff-ffff00000064/click] to [POST http://127.0.0.1:8200/session/ea80a1e2-d1d7-4028-a035-5741e6149b89/element/00000000-0000-0109-ffff-ffff00000064/click] with body: {"element":"00000000-0000-0109-ffff-ffff00000064"}
&amp#27;[38;5;181m[4246ae4a]&amp#27;[0m&amp#27;[38;5;-153m[AndroidUiautomator2Driver@ec20]&amp#27;[0m Got response with status 200: {"sessionId":"ea80a1e2-d1d7-4028-a035-5741e6149b89","value":null}
&amp#27;[38;5;181m[4246ae4a]&amp#27;[0m&amp#27;[38;5;-153m[AndroidUiautomator2Driver@ec20]&amp#27;[0m Responding to client with driver.click() result: null
&amp#27;[38;5;181m[4246ae4a]&amp#27;[0m&amp#27;[38;5;86m[HTTP]&amp#27;[0m &amp#27;[37m<-- POST /session/4246ae4a-b62b-4287-bbb7-c4700450b5c3/element/00000000-0000-0109-ffff-ffff00000064/click &amp#27;[39m&amp#27;[32m200&amp#27;[39m &amp#27;[90m85 ms - 14&amp#27;[39m &amp#27;[90m&amp#27;[39m
[INFO] Clicked on button: Ok
  &amp#27;[32mAnd &amp#27;[0m&amp#27;[32mI click on mobile button &amp#27;[0m&amp#27;[32m&amp#27;[1m"Ok"&amp#27;[0m                   &amp#27;[90m# Selenium.Cucumber.MobileStepDefinitions.Snippet.i_click_on_button(java.lang.String)&amp#27;[0m
Test Step started: Then "totalelementscount" should be closed
xpath@@@//android.widget.FrameLayout - value of whole locator
&amp#27;[38;5;181m[4246ae4a]&amp#27;[0m&amp#27;[38;5;86m[HTTP]&amp#27;[0m &amp#27;[37m-->&amp#27;[39m &amp#27;[37mPOST&amp#27;[39m &amp#27;[37m/session/4246ae4a-b62b-4287-bbb7-c4700450b5c3/elements&amp#27;[39m &amp#27;[90m{"using":"xpath","value":"//android.widget.FrameLayout"}&amp#27;[39m
&amp#27;[38;5;181m[4246ae4a]&amp#27;[0m&amp#27;[38;5;-153m[AndroidUiautomator2Driver@ec20]&amp#27;[0m Calling AppiumDriver.findElements() with args: ["xpath","//android.widget.FrameLayout","4246ae4a-b62b-4287-bbb7-c4700450b5c3"]
&amp#27;[38;5;181m[4246ae4a]&amp#27;[0m&amp#27;[38;5;-153m[AndroidUiautomator2Driver@ec20]&amp#27;[0m Valid locator strategies for this request: xpath, id, class name, accessibility id, css selector, -android uiautomator
&amp#27;[38;5;181m[4246ae4a]&amp#27;[0m&amp#27;[38;5;-153m[AndroidUiautomator2Driver@ec20]&amp#27;[0m Waiting up to 10000 ms for condition
&amp#27;[38;5;181m[4246ae4a]&amp#27;[0m&amp#27;[38;5;-153m[AndroidUiautomator2Driver@ec20]&amp#27;[0m Matched '/elements' to command name 'findElements'
&amp#27;[38;5;181m[4246ae4a]&amp#27;[0m&amp#27;[38;5;-153m[AndroidUiautomator2Driver@ec20]&amp#27;[0m Proxying [POST /elements] to [POST http://127.0.0.1:8200/session/ea80a1e2-d1d7-4028-a035-5741e6149b89/elements] with body: {"strategy":"xpath","selector":"//android.widget.FrameLayout","context":"","multiple":true}
&amp#27;[38;5;181m[4246ae4a]&amp#27;[0m&amp#27;[38;5;-153m[AndroidUiautomator2Driver@ec20]&amp#27;[0m Got response with status 200: {"sessionId":"ea80a1e2-d1d7-4028-a035-5741e6149b89","value":[{"ELEMENT":"00000000-0000-0108-ffff-ffff7ffffffe","element-6066-11e4-a52e-4f735466cecf":"00000000-0000-0108-ffff-ffff7ffffffe"},{"ELEMENT":"00000000-0000-0108-ffff-ffff00000035","element-6066-11e4-a52e-4f735466cecf":"00000000-0000-0108-ffff-ffff00000035"},{"ELEMENT":"00000000-0000-0108-ffff-ffff0000002a","element-6066-11e4-a52e-4f735466cecf":"00000000-0000-0108-ffff-ffff0000002a"}]}
&amp#27;[38;5;181m[4246ae4a]&amp#27;[0m&amp#27;[38;5;-153m[AndroidUiautomator2Driver@ec20]&amp#27;[0m Responding to client with driver.findElements() result: [{"element-6066-11e4-a52e-4f735466cecf":"00000000-0000-0108-ffff-ffff7ffffffe","ELEMENT":"00000000-0000-0108-ffff-ffff7ffffffe"},{"element-6066-11e4-a52e-4f735466cecf":"00000000-0000-0108-ffff-ffff00000035","ELEMENT":"00000000-0000-0108-ffff-ffff00000035"},{"element-6066-11e4-a52e-4f735466cecf":"00000000-0000-0108-ffff-ffff0000002a","ELEMENT":"00000000-0000-0108-ffff-ffff0000002a"}]
&amp#27;[38;5;181m[4246ae4a]&amp#27;[0m&amp#27;[38;5;86m[HTTP]&amp#27;[0m &amp#27;[37m<-- POST /session/4246ae4a-b62b-4287-bbb7-c4700450b5c3/elements &amp#27;[39m&amp#27;[32m200&amp#27;[39m &amp#27;[90m343 ms - 395&amp#27;[39m &amp#27;[90m&amp#27;[39m
[INFO] Element totalelementscount is closed.
  &amp#27;[32mThen &amp#27;[0m&amp#27;[32m&amp#27;[0m&amp#27;[32m&amp#27;[1m"totalelementscount"&amp#27;[0m&amp#27;[32m should be closed&amp#27;[0m          &amp#27;[90m# Selenium.Cucumber.MobileStepDefinitions.Snippet.should_be_closed(java.lang.String)&amp#27;[0m
[END] Basic Mobile automation feature on Thread TestNG-test-Surefire test-1
&amp#27;[38;5;181m[4246ae4a]&amp#27;[0m&amp#27;[38;5;86m[HTTP]&amp#27;[0m &amp#27;[37m-->&amp#27;[39m &amp#27;[37mDELETE&amp#27;[39m &amp#27;[37m/session/4246ae4a-b62b-4287-bbb7-c4700450b5c3&amp#27;[39m &amp#27;[90m{}&amp#27;[39m
&amp#27;[38;5;181m[4246ae4a]&amp#27;[0m&amp#27;[38;5;-153m[AndroidUiautomator2Driver@ec20]&amp#27;[0m Calling AppiumDriver.deleteSession() with args: ["4246ae4a-b62b-4287-bbb7-c4700450b5c3"]
&amp#27;[38;5;181m[4246ae4a]&amp#27;[0m&amp#27;[38;5;23m[AppiumDriver@018d]&amp#27;[0m Event 'quitSessionRequested' logged at 1757408077841 (14:24:37 GMT+0530 (India Standard Time))
&amp#27;[38;5;181m[4246ae4a]&amp#27;[0m&amp#27;[38;5;23m[AppiumDriver@018d]&amp#27;[0m Removing session 4246ae4a-b62b-4287-bbb7-c4700450b5c3 from our master session list
&amp#27;[38;5;181m[4246ae4a]&amp#27;[0m&amp#27;[38;5;-153m[AndroidUiautomator2Driver@ec20]&amp#27;[0m Deleting UiAutomator2 session
&amp#27;[38;5;181m[4246ae4a]&amp#27;[0m&amp#27;[38;5;-153m[AndroidUiautomator2Driver@ec20]&amp#27;[0m Deleting UiAutomator2 server session
&amp#27;[38;5;181m[4246ae4a]&amp#27;[0m&amp#27;[38;5;-153m[AndroidUiautomator2Driver@ec20]&amp#27;[0m Matched '/' to command name 'deleteSession'
&amp#27;[38;5;181m[4246ae4a]&amp#27;[0m&amp#27;[38;5;-153m[AndroidUiautomator2Driver@ec20]&amp#27;[0m Proxying [DELETE /] to [DELETE http://127.0.0.1:8200/session/ea80a1e2-d1d7-4028-a035-5741e6149b89] with no body
&amp#27;[38;5;181m[4246ae4a]&amp#27;[0m&amp#27;[38;5;-153m[AndroidUiautomator2Driver@ec20]&amp#27;[0m Got response with status 200: {"sessionId":"ea80a1e2-d1d7-4028-a035-5741e6149b89","value":null}
&amp#27;[38;5;181m[4246ae4a]&amp#27;[0m&amp#27;[38;5;229m[ADB]&amp#27;[0m Getting IDs of all 'io.appium.uiautomator2.server' processes
&amp#27;[38;5;181m[4246ae4a]&amp#27;[0m&amp#27;[38;5;229m[ADB]&amp#27;[0m Running '/Users/rohitsharma/Library/Android/sdk/platform-tools/adb -P 5037 -s emulator-5554 shell 'pgrep --help; echo $?''
&amp#27;[38;5;181m[4246ae4a]&amp#27;[0m&amp#27;[38;5;-153m[AndroidUiautomator2Driver@ec20]&amp#27;[0m [Instrumentation] io.appium.uiautomator2.server.test.AppiumUiAutomator2Server:.
&amp#27;[38;5;181m[4246ae4a]&amp#27;[0m&amp#27;[38;5;-153m[AndroidUiautomator2Driver@ec20]&amp#27;[0m [Instrumentation] 
&amp#27;[38;5;181m[4246ae4a]&amp#27;[0m&amp#27;[38;5;-153m[AndroidUiautomator2Driver@ec20]&amp#27;[0m [Instrumentation] Time: 11.118
&amp#27;[38;5;181m[4246ae4a]&amp#27;[0m&amp#27;[38;5;-153m[AndroidUiautomator2Driver@ec20]&amp#27;[0m [Instrumentation] 
&amp#27;[38;5;181m[4246ae4a]&amp#27;[0m&amp#27;[38;5;-153m[AndroidUiautomator2Driver@ec20]&amp#27;[0m [Instrumentation] OK (1 test)
&amp#27;[38;5;181m[4246ae4a]&amp#27;[0m&amp#27;[38;5;-153m[AndroidUiautomator2Driver@ec20]&amp#27;[0m [Instrumentation] 
&amp#27;[38;5;181m[4246ae4a]&amp#27;[0m&amp#27;[38;5;-153m[AndroidUiautomator2Driver@ec20]&amp#27;[0m [Instrumentation] 
&amp#27;[38;5;181m[4246ae4a]&amp#27;[0m&amp#27;[38;5;229m[ADB]&amp#27;[0m Running '/Users/rohitsharma/Library/Android/sdk/platform-tools/adb -P 5037 -s emulator-5554 shell pgrep -f \(\[\[:blank:\]\]\|\^\)io\.appium\.uiautomator2\.server\(:\[a-zA-Z0-9_-\]\+\)\?\(\[\[:blank:\]\]\|\$\)'
&amp#27;[38;5;181m[4246ae4a]&amp#27;[0m&amp#27;[38;5;-153m[AndroidUiautomator2Driver@ec20]&amp#27;[0m [Instrumentation] The process has exited with code 0, signal null
&amp#27;[38;5;181m[4246ae4a]&amp#27;[0m&amp#27;[38;5;229m[ADB]&amp#27;[0m Running '/Users/rohitsharma/Library/Android/sdk/platform-tools/adb -P 5037 -s emulator-5554 shell am force-stop io.appium.uiautomator2.server'
&amp#27;[38;5;181m[4246ae4a]&amp#27;[0m&amp#27;[38;5;229m[ADB]&amp#27;[0m Running '/Users/rohitsharma/Library/Android/sdk/platform-tools/adb -P 5037 -s emulator-5554 shell am force-stop io.appium.uiautomator2.server.test'
&amp#27;[38;5;181m[4246ae4a]&amp#27;[0m&amp#27;[38;5;229m[ADB]&amp#27;[0m Running '/Users/rohitsharma/Library/Android/sdk/platform-tools/adb -P 5037 -s emulator-5554 shell dumpsys activity services io.appium.settings/.recorder.RecorderService'
&amp#27;[38;5;181m[4246ae4a]&amp#27;[0m&amp#27;[38;5;229m[ADB]&amp#27;[0m Running '/Users/rohitsharma/Library/Android/sdk/platform-tools/adb -P 5037 -s emulator-5554 shell am force-stop io.appium.android.apis'
&amp#27;[38;5;181m[4246ae4a]&amp#27;[0m&amp#27;[38;5;229m[ADB]&amp#27;[0m Removing forwarded port socket connection: 8200 
&amp#27;[38;5;181m[4246ae4a]&amp#27;[0m&amp#27;[38;5;229m[ADB]&amp#27;[0m Running '/Users/rohitsharma/Library/Android/sdk/platform-tools/adb -P 5037 -s emulator-5554 forward --remove tcp:8200'
&amp#27;[38;5;181m[4246ae4a]&amp#27;[0m&amp#27;[38;5;-153m[AndroidUiautomator2Driver@ec20]&amp#27;[0m Restoring hidden api policy to the device default configuration
&amp#27;[38;5;181m[4246ae4a]&amp#27;[0m&amp#27;[38;5;229m[ADB]&amp#27;[0m Running '/Users/rohitsharma/Library/Android/sdk/platform-tools/adb -P 5037 -s emulator-5554 shell 'settings delete global hidden_api_policy_pre_p_apps;settings delete global hidden_api_policy_p_apps;settings delete global hidden_api_policy''
&amp#27;[38;5;181m[4246ae4a]&amp#27;[0m&amp#27;[38;5;160m[Logcat]&amp#27;[0m Stopping logcat capture
&amp#27;[38;5;181m[4246ae4a]&amp#27;[0m&amp#27;[38;5;23m[AppiumDriver@018d]&amp#27;[0m Event 'quitSessionFinished' logged at 1757408079054 (14:24:39 GMT+0530 (India Standard Time))
&amp#27;[38;5;181m[4246ae4a]&amp#27;[0m&amp#27;[38;5;23m[AppiumDriver@018d]&amp#27;[0m Received response: null
&amp#27;[38;5;181m[4246ae4a]&amp#27;[0m&amp#27;[38;5;23m[AppiumDriver@018d]&amp#27;[0m But deleting session, so not returning
&amp#27;[38;5;181m[4246ae4a]&amp#27;[0m&amp#27;[38;5;23m[AppiumDriver@018d]&amp#27;[0m Responding to client with driver.deleteSession() result: null
&amp#27;[38;5;181m[4246ae4a]&amp#27;[0m&amp#27;[38;5;86m[HTTP]&amp#27;[0m &amp#27;[37m<-- DELETE /session/4246ae4a-b62b-4287-bbb7-c4700450b5c3 &amp#27;[39m&amp#27;[32m200&amp#27;[39m &amp#27;[90m1219 ms - 14&amp#27;[39m &amp#27;[90m&amp#27;[39m
&amp#27;[38;5;86m[HTTP]&amp#27;[0m &amp#27;[37m-->&amp#27;[39m &amp#27;[37mGET&amp#27;[39m &amp#27;[37m/status&amp#27;[39m &amp#27;[90m{}&amp#27;[39m
&amp#27;[38;5;23m[AppiumDriver@018d]&amp#27;[0m Calling AppiumDriver.getStatus() with args: []
&amp#27;[38;5;23m[AppiumDriver@018d]&amp#27;[0m Responding to client with driver.getStatus() result: {"ready":true,"message":"The server is ready to accept new connections","build":{"version":"2.15.0"}}
&amp#27;[38;5;86m[HTTP]&amp#27;[0m &amp#27;[37m<-- GET /status &amp#27;[39m&amp#27;[32m200&amp#27;[39m &amp#27;[90m4 ms - 111&amp#27;[39m &amp#27;[90m&amp#27;[39m
&amp#27;[38;5;112m[Appium]&amp#27;[0m Received SIGTERM - shutting down
&amp#27;[38;5;23m[AppiumDriver@018d]&amp#27;[0m There are no active sessions for cleanup
&amp#27;[38;5;86m[HTTP]&amp#27;[0m Closing Appium HTTP server
&amp#27;[38;5;86m[HTTP]&amp#27;[0m Appium HTTP server has been succesfully closed after 5ms
🛑 Appium Service stopped
]]></system-out>
  </testcase>
  <testcase name="runScenario[&quot;Verify Dashboard page&quot;, &quot;Dashboard&quot;](4)" classname="Selenium.Cucumber.RunCucumberTest" time="15.851">
    <system-out><![CDATA[[START] Verify Dashboard page on Thread TestNG-test-Surefire test-1
⚠️ Grid not available. Using local ChromeDriver.

@Web @Dashboard @Smoke
Scenario Outline: Verify Dashboard page                                                                                                &amp#27;[90m# src/test/resources/Selenium/Cucumber/Web/Dashboard.feature:15&amp#27;[0m
Test Step started: Given I am on Login page
  &amp#27;[32mGiven &amp#27;[0m&amp#27;[32mI am on Login page&amp#27;[0m                                                                                                             &amp#27;[90m# Selenium.Cucumber.WebSteps.StepDefinitions.i_am_on_login_page()&amp#27;[0m
Test Step started: When I enter "rohit" in "loginusername" web field
locator is loginusername
https://demo.applitools.com/28
locator value are //input[@id="username"]
  &amp#27;[32mWhen &amp#27;[0m&amp#27;[32mI enter &amp#27;[0m&amp#27;[32m&amp#27;[1m"rohit"&amp#27;[0m&amp#27;[32m in &amp#27;[0m&amp#27;[32m&amp#27;[1m"loginusername"&amp#27;[0m&amp#27;[32m web field&amp#27;[0m                                                                                    &amp#27;[90m# Selenium.Cucumber.WebSteps.StepDefinitions.i_enter_in_field(java.lang.String,java.lang.String)&amp#27;[0m
Test Step started: And I enter "rohit" in "loginpassword" web field
locator is loginpassword
https://demo.applitools.com/28
locator value are //input[@id="password"]
  &amp#27;[32mAnd &amp#27;[0m&amp#27;[32mI enter &amp#27;[0m&amp#27;[32m&amp#27;[1m"rohit"&amp#27;[0m&amp#27;[32m in &amp#27;[0m&amp#27;[32m&amp#27;[1m"loginpassword"&amp#27;[0m&amp#27;[32m web field&amp#27;[0m                                                                                     &amp#27;[90m# Selenium.Cucumber.WebSteps.StepDefinitions.i_enter_in_field(java.lang.String,java.lang.String)&amp#27;[0m
Test Step started: And I click on web "loginsigninbutton"
locator is loginsigninbutton
https://demo.applitools.com/28
locator value are //a[@id="log-in"]
  &amp#27;[32mAnd &amp#27;[0m&amp#27;[32mI click on web &amp#27;[0m&amp#27;[32m&amp#27;[1m"loginsigninbutton"&amp#27;[0m                                                                                               &amp#27;[90m# Selenium.Cucumber.WebSteps.StepDefinitions.i_click_on(java.lang.String)&amp#27;[0m
Test Step started: Then I check transaction "Star" on "transactionrowbasedonTransactionName" then status should be "Complete" and amount should be 1250
Complete
1250 value is
https://demo.applitools.com/app.html
  &amp#27;[32mThen &amp#27;[0m&amp#27;[32mI check transaction &amp#27;[0m&amp#27;[32m&amp#27;[1m"Star"&amp#27;[0m&amp#27;[32m on &amp#27;[0m&amp#27;[32m&amp#27;[1m"transactionrowbasedonTransactionName"&amp#27;[0m&amp#27;[32m then status should be &amp#27;[0m&amp#27;[32m&amp#27;[1m"Complete"&amp#27;[0m&amp#27;[32m and amount should be &amp#27;[0m&amp#27;[32m&amp#27;[1m1250&amp#27;[0m &amp#27;[90m# Selenium.Cucumber.WebSteps.StepDefinitions.i_check_transaction_on_then_status_should_be_and_amount_should_be(java.lang.String,java.lang.String,java.lang.String,java.lang.Integer)&amp#27;[0m
[END] Verify Dashboard page on Thread TestNG-test-Surefire test-1
]]></system-out>
    <system-err><![CDATA[Sept 09, 2025 2:24:52 PM org.openqa.selenium.devtools.CdpVersionFinder findNearestMatch
WARNING: Unable to find CDP implementation matching 139
Sept 09, 2025 2:24:52 PM org.openqa.selenium.chromium.ChromiumDriver lambda$new$5
WARNING: Unable to find version of CDP to use for 139.0.7258.157. You may need to include a dependency on a specific version of the CDP using something similar to `org.seleniumhq.selenium:selenium-devtools-v86:4.27.0` where the version ("v86") matches the version of the chromium-based browser you're using and the version number of the artifact is the same as Selenium's.
]]></system-err>
  </testcase>
  <testcase name="runScenario[&quot;Verify Dashboard page&quot;, &quot;Dashboard&quot;](5)" classname="Selenium.Cucumber.RunCucumberTest" time="7.65">
    <system-out><![CDATA[[START] Verify Dashboard page on Thread TestNG-test-Surefire test-1
⚠️ Grid not available. Using local ChromeDriver.

@Web @Dashboard @Smoke
Scenario Outline: Verify Dashboard page                                                                                                &amp#27;[90m# src/test/resources/Selenium/Cucumber/Web/Dashboard.feature:16&amp#27;[0m
Test Step started: Given I am on Login page
  &amp#27;[32mGiven &amp#27;[0m&amp#27;[32mI am on Login page&amp#27;[0m                                                                                                             &amp#27;[90m# Selenium.Cucumber.WebSteps.StepDefinitions.i_am_on_login_page()&amp#27;[0m
Test Step started: When I enter "deepak" in "loginusername" web field
locator is loginusername
https://demo.applitools.com/28
locator value are //input[@id="username"]
  &amp#27;[32mWhen &amp#27;[0m&amp#27;[32mI enter &amp#27;[0m&amp#27;[32m&amp#27;[1m"deepak"&amp#27;[0m&amp#27;[32m in &amp#27;[0m&amp#27;[32m&amp#27;[1m"loginusername"&amp#27;[0m&amp#27;[32m web field&amp#27;[0m                                                                                   &amp#27;[90m# Selenium.Cucumber.WebSteps.StepDefinitions.i_enter_in_field(java.lang.String,java.lang.String)&amp#27;[0m
Test Step started: And I enter "deepak" in "loginpassword" web field
locator is loginpassword
https://demo.applitools.com/28
locator value are //input[@id="password"]
  &amp#27;[32mAnd &amp#27;[0m&amp#27;[32mI enter &amp#27;[0m&amp#27;[32m&amp#27;[1m"deepak"&amp#27;[0m&amp#27;[32m in &amp#27;[0m&amp#27;[32m&amp#27;[1m"loginpassword"&amp#27;[0m&amp#27;[32m web field&amp#27;[0m                                                                                    &amp#27;[90m# Selenium.Cucumber.WebSteps.StepDefinitions.i_enter_in_field(java.lang.String,java.lang.String)&amp#27;[0m
Test Step started: And I click on web "loginsigninbutton"
locator is loginsigninbutton
https://demo.applitools.com/28
locator value are //a[@id="log-in"]
  &amp#27;[32mAnd &amp#27;[0m&amp#27;[32mI click on web &amp#27;[0m&amp#27;[32m&amp#27;[1m"loginsigninbutton"&amp#27;[0m                                                                                               &amp#27;[90m# Selenium.Cucumber.WebSteps.StepDefinitions.i_click_on(java.lang.String)&amp#27;[0m
Test Step started: Then I check transaction "Star" on "transactionrowbasedonTransactionName" then status should be "Complete" and amount should be 1250
Complete
1250 value is
https://demo.applitools.com/app.html
  &amp#27;[32mThen &amp#27;[0m&amp#27;[32mI check transaction &amp#27;[0m&amp#27;[32m&amp#27;[1m"Star"&amp#27;[0m&amp#27;[32m on &amp#27;[0m&amp#27;[32m&amp#27;[1m"transactionrowbasedonTransactionName"&amp#27;[0m&amp#27;[32m then status should be &amp#27;[0m&amp#27;[32m&amp#27;[1m"Complete"&amp#27;[0m&amp#27;[32m and amount should be &amp#27;[0m&amp#27;[32m&amp#27;[1m1250&amp#27;[0m &amp#27;[90m# Selenium.Cucumber.WebSteps.StepDefinitions.i_check_transaction_on_then_status_should_be_and_amount_should_be(java.lang.String,java.lang.String,java.lang.String,java.lang.Integer)&amp#27;[0m
[END] Verify Dashboard page on Thread TestNG-test-Surefire test-1
]]></system-out>
    <system-err><![CDATA[Sept 09, 2025 2:25:01 PM org.openqa.selenium.devtools.CdpVersionFinder findNearestMatch
WARNING: Unable to find CDP implementation matching 139
Sept 09, 2025 2:25:01 PM org.openqa.selenium.chromium.ChromiumDriver lambda$new$5
WARNING: Unable to find version of CDP to use for 139.0.7258.157. You may need to include a dependency on a specific version of the CDP using something similar to `org.seleniumhq.selenium:selenium-devtools-v86:4.27.0` where the version ("v86") matches the version of the chromium-based browser you're using and the version number of the artifact is the same as Selenium's.
]]></system-err>
  </testcase>
  <testcase name="runScenario[&quot;Login with &quot;rohit&quot; and &quot;rohit&quot;&quot;, &quot;Login&quot;](6)" classname="Selenium.Cucumber.RunCucumberTest" time="2.275">
    <system-out><![CDATA[[START] Login with "rohit" and "rohit" on Thread TestNG-test-Surefire test-1
⚠️ Grid not available. Using local ChromeDriver.

@Web @Login
Scenario Outline: Login with "rohit" and "rohit"    &amp#27;[90m# src/test/resources/Selenium/Cucumber/Web/login.feature:18&amp#27;[0m
Test Step started: Given I am on Login page
  &amp#27;[32mGiven &amp#27;[0m&amp#27;[32mI am on Login page&amp#27;[0m                          &amp#27;[90m# Selenium.Cucumber.WebSteps.StepDefinitions.i_am_on_login_page()&amp#27;[0m
Test Step started: When I enter "rohit" in "loginusername" web field
locator is loginusername
https://demo.applitools.com/28
locator value are //input[@id="username"]
  &amp#27;[32mWhen &amp#27;[0m&amp#27;[32mI enter &amp#27;[0m&amp#27;[32m&amp#27;[1m"rohit"&amp#27;[0m&amp#27;[32m in &amp#27;[0m&amp#27;[32m&amp#27;[1m"loginusername"&amp#27;[0m&amp#27;[32m web field&amp#27;[0m &amp#27;[90m# Selenium.Cucumber.WebSteps.StepDefinitions.i_enter_in_field(java.lang.String,java.lang.String)&amp#27;[0m
Test Step started: When data is like
  &amp#27;[32mWhen &amp#27;[0m&amp#27;[32mdata is like&amp#27;[0m                                 &amp#27;[90m# Selenium.Cucumber.WebSteps.StepDefinitions.data_is_like(io.cucumber.datatable.DataTable)&amp#27;[0m
    | name    | password | extra       |
    | 5.8     | 5        | "ExtraData" |
    | "Rohit" | "rohit"  | "ExtraOnly" |
Test Step started: And I enter "rohit" in "loginpassword" web field
locator is loginpassword
https://demo.applitools.com/28
locator value are //input[@id="password"]
  &amp#27;[32mAnd &amp#27;[0m&amp#27;[32mI enter &amp#27;[0m&amp#27;[32m&amp#27;[1m"rohit"&amp#27;[0m&amp#27;[32m in &amp#27;[0m&amp#27;[32m&amp#27;[1m"loginpassword"&amp#27;[0m&amp#27;[32m web field&amp#27;[0m  &amp#27;[90m# Selenium.Cucumber.WebSteps.StepDefinitions.i_enter_in_field(java.lang.String,java.lang.String)&amp#27;[0m
Test Step started: And I click on web "loginsigninbutton"
locator is loginsigninbutton
https://demo.applitools.com/28
locator value are //a[@id="log-in"]
  &amp#27;[32mAnd &amp#27;[0m&amp#27;[32mI click on web &amp#27;[0m&amp#27;[32m&amp#27;[1m"loginsigninbutton"&amp#27;[0m            &amp#27;[90m# Selenium.Cucumber.WebSteps.StepDefinitions.i_click_on(java.lang.String)&amp#27;[0m
Test Step started: Then User login should see "dashboardsearchfield"
locator is dashboardsearchfield
https://demo.applitools.com/app.html28
locator value are //div[contains(@class,"element-search auto")]/input
  &amp#27;[32mThen &amp#27;[0m&amp#27;[32mUser login should see &amp#27;[0m&amp#27;[32m&amp#27;[1m"dashboardsearchfield"&amp#27;[0m &amp#27;[90m# Selenium.Cucumber.WebSteps.StepDefinitions.user_login_should(java.lang.String)&amp#27;[0m
[END] Login with "rohit" and "rohit" on Thread TestNG-test-Surefire test-1
]]></system-out>
    <system-err><![CDATA[Sept 09, 2025 2:25:03 PM org.openqa.selenium.devtools.CdpVersionFinder findNearestMatch
WARNING: Unable to find CDP implementation matching 139
Sept 09, 2025 2:25:03 PM org.openqa.selenium.chromium.ChromiumDriver lambda$new$5
WARNING: Unable to find version of CDP to use for 139.0.7258.157. You may need to include a dependency on a specific version of the CDP using something similar to `org.seleniumhq.selenium:selenium-devtools-v86:4.27.0` where the version ("v86") matches the version of the chromium-based browser you're using and the version number of the artifact is the same as Selenium's.
]]></system-err>
  </testcase>
</testsuite>